<?xml version="1.0" encoding="UTF-8"?>
<testsuite name="Sanity limpieza y aprovisionamiento de recursos" tests="4" skipped="0" failures="1" errors="0" timestamp="2022-07-21T16:15:50" hostname="22LAP5CD1195R94" time="460.699">
  <properties/>
  <testcase name="se quiere ingresar a la plataforma epos" classname="Sanity limpieza y aprovisionamiento de recursos" time="119.451"/>
  <testcase name="realizar el cargue de inventario" classname="Sanity limpieza y aprovisionamiento de recursos" time="44.842"/>
  <testcase name="realizar la confirmacion de inventario" classname="Sanity limpieza y aprovisionamiento de recursos" time="21.928"/>
  <testcase name="se requiere realizar una portabilidad pospago" classname="Sanity limpieza y aprovisionamiento de recursos" time="274.432">
    <failure message="org.openqa.selenium.ElementNotVisibleException: Timed out after 45 seconds. Element not available&#10;Build info: version: '3.141.59', revision: 'e82be7d358', time: '2018-11-14T08:17:03'&#10;System info: host: '22LAP5CD1195R94', ip: '192.168.0.9', os.name: 'Windows 10', os.arch: 'amd64', os.version: '10.0', java.version: '1.8.0_301'&#10;Driver info: driver.version: unknown" type="org.openqa.selenium.ElementNotVisibleException">org.openqa.selenium.ElementNotVisibleException: Timed out after 45 seconds. Element not available
Build info: version: '3.141.59', revision: 'e82be7d358', time: '2018-11-14T08:17:03'
System info: host: '22LAP5CD1195R94', ip: '192.168.0.9', os.name: 'Windows 10', os.arch: 'amd64', os.version: '10.0', java.version: '1.8.0_301'
Driver info: driver.version: unknown
	at net.thucydides.core.annotations.locators.SmartAjaxElementLocator.ajaxFindElement(SmartAjaxElementLocator.java:163)
	at net.thucydides.core.annotations.locators.SmartAjaxElementLocator.findElement(SmartAjaxElementLocator.java:118)
	at net.serenitybdd.core.pages.WebElementResolverByElementLocator.resolveForDriver(WebElementResolverByElementLocator.java:30)
	at net.serenitybdd.core.pages.WebElementFacadeImpl.getElement(WebElementFacadeImpl.java:221)
	at net.serenitybdd.core.pages.WebElementExpectations$3.apply(WebElementExpectations.java:63)
	at net.serenitybdd.core.pages.WebElementExpectations$3.apply(WebElementExpectations.java:55)
	at org.openqa.selenium.support.ui.FluentWait.until(FluentWait.java:249)
	at net.serenitybdd.core.pages.WebElementFacadeImpl.waitUntilEnabled(WebElementFacadeImpl.java:1146)
	at net.serenitybdd.core.pages.WebElementFacadeImpl.waitUntilElementAvailable(WebElementFacadeImpl.java:954)
	at net.serenitybdd.core.pages.WebElementFacadeImpl.click(WebElementFacadeImpl.java:1229)
	at sun.reflect.GeneratedMethodAccessor50.invoke(Unknown Source)
	at sun.reflect.DelegatingMethodAccessorImpl.invoke(DelegatingMethodAccessorImpl.java:43)
	at java.lang.reflect.Method.invoke(Method.java:498)
	at net.thucydides.core.annotations.locators.AbstractSingleItemHandler.invoke(AbstractSingleItemHandler.java:45)
	at com.sun.proxy.$Proxy27.click(Unknown Source)
	at com.indra.actions.PortabilityPostActivationActions.consultSingleScreen2(PortabilityPostActivationActions.java:367)
	at com.indra.actions.PortabilityPostActivationActions.validateLineTemporal1(PortabilityPostActivationActions.java:359)
	at com.indra.steps_definitions.SanitySteps.seDeberiaVerEnPantallaUnicaLaLineaEnEstadoActivadoLaLineaPortada(SanitySteps.java:298)
	at ✽.Se deberia ver en pantalla unica la linea en estado activado la linea portada(src/test/resources/features/execute.feature:88)
</failure>
  </testcase>
  <system-out><![CDATA[11:15:55.207 [Test worker] DEBUG org.apache.http.impl.conn.BasicClientConnectionManager - Get connection for route {}->http://10.65.45.12:9001
11:15:55.223 [Test worker] DEBUG org.apache.http.impl.conn.DefaultClientConnectionOperator - Connecting to 10.65.45.12:9001
11:15:55.293 [Test worker] DEBUG org.apache.http.client.protocol.RequestAddCookies - CookieSpec selected: ignoreCookies
11:15:55.297 [Test worker] DEBUG org.apache.http.client.protocol.RequestAuthCache - Auth cache not set in the context
11:15:55.297 [Test worker] DEBUG org.apache.http.client.protocol.RequestTargetAuthentication - Target auth state: UNCHALLENGED
11:15:55.298 [Test worker] DEBUG org.apache.http.client.protocol.RequestProxyAuthentication - Proxy auth state: UNCHALLENGED
11:15:55.298 [Test worker] DEBUG org.apache.http.impl.client.DefaultHttpClient - Attempt 1 to execute request
11:15:55.298 [Test worker] DEBUG org.apache.http.impl.conn.DefaultClientConnection - Sending request: POST /gatewaycbs/BcServicesInt HTTP/1.1
11:15:55.299 [Test worker] DEBUG org.apache.http.wire -  >> "POST /gatewaycbs/BcServicesInt HTTP/1.1[\r][\n]"
11:15:55.300 [Test worker] DEBUG org.apache.http.wire -  >> "Accept: */*[\r][\n]"
11:15:55.300 [Test worker] DEBUG org.apache.http.wire -  >> "Content-Type: text/xml;charset=UTF-8[\r][\n]"
11:15:55.302 [Test worker] DEBUG org.apache.http.wire -  >> "Content-Length: 748[\r][\n]"
11:15:55.302 [Test worker] DEBUG org.apache.http.wire -  >> "Host: 10.65.45.12:9001[\r][\n]"
11:15:55.302 [Test worker] DEBUG org.apache.http.wire -  >> "Connection: Keep-Alive[\r][\n]"
11:15:55.302 [Test worker] DEBUG org.apache.http.wire -  >> "User-Agent: Apache-HttpClient/4.5.9 (Java/1.8.0_301)[\r][\n]"
11:15:55.302 [Test worker] DEBUG org.apache.http.wire -  >> "Accept-Encoding: gzip,deflate[\r][\n]"
11:15:55.302 [Test worker] DEBUG org.apache.http.wire -  >> "[\r][\n]"
11:15:55.302 [Test worker] DEBUG org.apache.http.headers - >> POST /gatewaycbs/BcServicesInt HTTP/1.1
11:15:55.302 [Test worker] DEBUG org.apache.http.headers - >> Accept: */*
11:15:55.303 [Test worker] DEBUG org.apache.http.headers - >> Content-Type: text/xml;charset=UTF-8
11:15:55.303 [Test worker] DEBUG org.apache.http.headers - >> Content-Length: 748
11:15:55.303 [Test worker] DEBUG org.apache.http.headers - >> Host: 10.65.45.12:9001
11:15:55.303 [Test worker] DEBUG org.apache.http.headers - >> Connection: Keep-Alive
11:15:55.303 [Test worker] DEBUG org.apache.http.headers - >> User-Agent: Apache-HttpClient/4.5.9 (Java/1.8.0_301)
11:15:55.303 [Test worker] DEBUG org.apache.http.headers - >> Accept-Encoding: gzip,deflate
11:15:55.305 [Test worker] DEBUG org.apache.http.wire -  >> "<soapenv:Envelope xmlns:bcc="http://www.huawei.com/bme/cbsinterface/bccommon" xmlns:bcs="http://www.huawei.com/bme/cbsinterface/bcservices" xmlns:ws="http://ws.web.gatewaycbs.tigo.com.co/" xmlns:soapenv="http://schemas.xmlsoap.org/soap/envelope/">[\n]"
11:15:55.306 [Test worker] DEBUG org.apache.http.wire -  >> "   <soapenv:Header/>[\n]"
11:15:55.306 [Test worker] DEBUG org.apache.http.wire -  >> "   <soapenv:Body>[\n]"
11:15:55.306 [Test worker] DEBUG org.apache.http.wire -  >> "      <ws:queryCustomerInfo>[\n]"
11:15:55.306 [Test worker] DEBUG org.apache.http.wire -  >> "         <!--Optional:-->[\n]"
11:15:55.306 [Test worker] DEBUG org.apache.http.wire -  >> "         <QueryCustomerInfoRequest>[\n]"
11:15:55.306 [Test worker] DEBUG org.apache.http.wire -  >> "            <bcs:QueryObj>[\n]"
11:15:55.306 [Test worker] DEBUG org.apache.http.wire -  >> "               <!--Optional:-->[\n]"
11:15:55.306 [Test worker] DEBUG org.apache.http.wire -  >> "               <bcs:SubAccessCode>[\n]"
11:15:55.307 [Test worker] DEBUG org.apache.http.wire -  >> "                  <!--Optional:-->[\n]"
11:15:55.307 [Test worker] DEBUG org.apache.http.wire -  >> "                  <bcc:PrimaryIdentity>3046010569</bcc:PrimaryIdentity>[\n]"
11:15:55.307 [Test worker] DEBUG org.apache.http.wire -  >> "               </bcs:SubAccessCode>[\n]"
11:15:55.307 [Test worker] DEBUG org.apache.http.wire -  >> "            </bcs:QueryObj>[\n]"
11:15:55.307 [Test worker] DEBUG org.apache.http.wire -  >> "         </QueryCustomerInfoRequest>[\n]"
11:15:55.307 [Test worker] DEBUG org.apache.http.wire -  >> "      </ws:queryCustomerInfo>[\n]"
11:15:55.307 [Test worker] DEBUG org.apache.http.wire -  >> "   </soapenv:Body>[\n]"
11:15:55.307 [Test worker] DEBUG org.apache.http.wire -  >> "</soapenv:Envelope>"
11:15:55.405 [Test worker] DEBUG org.apache.http.wire -  << "HTTP/1.1 200 OK[\r][\n]"
11:15:55.407 [Test worker] DEBUG org.apache.http.wire -  << "Date: Thu, 21 Jul 2022 16:15:54 GMT[\r][\n]"
11:15:55.408 [Test worker] DEBUG org.apache.http.wire -  << "Transfer-Encoding: chunked[\r][\n]"
11:15:55.408 [Test worker] DEBUG org.apache.http.wire -  << "Content-Type: text/xml; charset=utf-8[\r][\n]"
11:15:55.408 [Test worker] DEBUG org.apache.http.wire -  << "[\r][\n]"
11:15:55.409 [Test worker] DEBUG org.apache.http.impl.conn.DefaultClientConnection - Receiving response: HTTP/1.1 200 OK
11:15:55.409 [Test worker] DEBUG org.apache.http.headers - << HTTP/1.1 200 OK
11:15:55.409 [Test worker] DEBUG org.apache.http.headers - << Date: Thu, 21 Jul 2022 16:15:54 GMT
11:15:55.409 [Test worker] DEBUG org.apache.http.headers - << Transfer-Encoding: chunked
11:15:55.409 [Test worker] DEBUG org.apache.http.headers - << Content-Type: text/xml; charset=utf-8
11:15:55.418 [Test worker] DEBUG org.apache.http.impl.client.DefaultHttpClient - Connection can be kept alive indefinitely
11:15:55.446 [Test worker] DEBUG io.restassured.internal.RequestSpecificationImpl$RestAssuredHttpBuilder - Parsing response as: text/xml; charset=utf-8
11:15:55.446 [Test worker] DEBUG io.restassured.internal.RequestSpecificationImpl$RestAssuredHttpBuilder - Parsed data to instance of: class org.apache.http.conn.EofSensorInputStream
11:15:55.575 [Test worker] DEBUG org.apache.http.wire -  << "006e[\r][\n]"
11:15:55.576 [Test worker] DEBUG org.apache.http.wire -  << "<?xml version='1.0' encoding='UTF-8'?><S:Envelope xmlns:S="http://schemas.xmlsoap.org/soap/envelope/"><S:Body>"
11:15:55.579 [Test worker] DEBUG org.apache.http.wire -  << "[\r][\n]"
11:15:55.581 [Test worker] DEBUG org.apache.http.wire -  << "01f8[\r][\n]"
11:15:55.583 [Test worker] DEBUG org.apache.http.wire -  << "<ns4:queryCustomerInfoResponse xmlns:ns2="http://www.huawei.com/bme/cbsinterface/bccommon" xmlns:ns3="http://www.huawei.com/bme/cbsinterface/bcservices" xmlns:ns4="http://ws.web.gatewaycbs.tigo.com.co/" xmlns:ns5="http://www.huawei.com/bme/cbsinterface/cbscommon"><return><ResultHeader><ns5:Version>1</ns5:Version><ns5:ResultCode>118030260</ns5:ResultCode><ns5:ResultDesc>Subscriber 3046010569 does not exist.</ns5:ResultDesc></ResultHeader></return></ns4:queryCustomerInfoResponse></S:Body></S:Envelope>"
11:15:55.583 [Test worker] DEBUG org.apache.http.wire -  << "[\r][\n]"
11:15:55.583 [Test worker] DEBUG org.apache.http.wire -  << "0000[\r][\n]"
11:15:55.584 [Test worker] DEBUG org.apache.http.wire -  << "[\r][\n]"
11:15:55.585 [Test worker] DEBUG org.apache.http.impl.conn.BasicClientConnectionManager - Releasing connection org.apache.http.impl.conn.ManagedClientConnectionImpl@2058d16d
11:15:55.586 [Test worker] DEBUG org.apache.http.impl.conn.BasicClientConnectionManager - Connection can be kept alive indefinitely
La linea 3046010569 no esta activa
10.69.60.87
11:15:56.123 [Finalizer] DEBUG org.apache.http.impl.conn.DefaultClientConnection - Connection 0.0.0.0:63825<->10.65.45.12:9001 closed
se ejecuta correctamente DB Activator
se ejecuta correctamente  DB EPOS
se ejecuta correctamente DB Siebel
se ejecuta correctamente DB Postale
**** Se ejecutaran los SP para semilla 3 ****
se ejecuta correctamente DB Activator
se ejecuta correctamente  DB EPOS
se ejecuta correctamente DB Siebel
se ejecuta correctamente DB Postale
11:16:10.184 [Test worker] DEBUG org.apache.http.impl.conn.BasicClientConnectionManager - Get connection for route {}->http://10.65.45.12:9001
11:16:10.184 [Test worker] DEBUG org.apache.http.impl.conn.DefaultClientConnectionOperator - Connecting to 10.65.45.12:9001
11:16:10.217 [Test worker] DEBUG org.apache.http.client.protocol.RequestAddCookies - CookieSpec selected: ignoreCookies
11:16:10.218 [Test worker] DEBUG org.apache.http.client.protocol.RequestAuthCache - Auth cache not set in the context
11:16:10.218 [Test worker] DEBUG org.apache.http.client.protocol.RequestTargetAuthentication - Target auth state: UNCHALLENGED
11:16:10.218 [Test worker] DEBUG org.apache.http.client.protocol.RequestProxyAuthentication - Proxy auth state: UNCHALLENGED
11:16:10.218 [Test worker] DEBUG org.apache.http.impl.client.DefaultHttpClient - Attempt 1 to execute request
11:16:10.218 [Test worker] DEBUG org.apache.http.impl.conn.DefaultClientConnection - Sending request: POST /gatewaycbs/BcServicesInt HTTP/1.1
11:16:10.219 [Test worker] DEBUG org.apache.http.wire -  >> "POST /gatewaycbs/BcServicesInt HTTP/1.1[\r][\n]"
11:16:10.220 [Test worker] DEBUG org.apache.http.wire -  >> "Accept: */*[\r][\n]"
11:16:10.220 [Test worker] DEBUG org.apache.http.wire -  >> "Content-Type: text/xml;charset=UTF-8[\r][\n]"
11:16:10.220 [Test worker] DEBUG org.apache.http.wire -  >> "Content-Length: 748[\r][\n]"
11:16:10.220 [Test worker] DEBUG org.apache.http.wire -  >> "Host: 10.65.45.12:9001[\r][\n]"
11:16:10.220 [Test worker] DEBUG org.apache.http.wire -  >> "Connection: Keep-Alive[\r][\n]"
11:16:10.220 [Test worker] DEBUG org.apache.http.wire -  >> "User-Agent: Apache-HttpClient/4.5.9 (Java/1.8.0_301)[\r][\n]"
11:16:10.220 [Test worker] DEBUG org.apache.http.wire -  >> "Accept-Encoding: gzip,deflate[\r][\n]"
11:16:10.220 [Test worker] DEBUG org.apache.http.wire -  >> "[\r][\n]"
11:16:10.221 [Test worker] DEBUG org.apache.http.headers - >> POST /gatewaycbs/BcServicesInt HTTP/1.1
11:16:10.221 [Test worker] DEBUG org.apache.http.headers - >> Accept: */*
11:16:10.221 [Test worker] DEBUG org.apache.http.headers - >> Content-Type: text/xml;charset=UTF-8
11:16:10.221 [Test worker] DEBUG org.apache.http.headers - >> Content-Length: 748
11:16:10.221 [Test worker] DEBUG org.apache.http.headers - >> Host: 10.65.45.12:9001
11:16:10.221 [Test worker] DEBUG org.apache.http.headers - >> Connection: Keep-Alive
11:16:10.221 [Test worker] DEBUG org.apache.http.headers - >> User-Agent: Apache-HttpClient/4.5.9 (Java/1.8.0_301)
11:16:10.221 [Test worker] DEBUG org.apache.http.headers - >> Accept-Encoding: gzip,deflate
11:16:10.222 [Test worker] DEBUG org.apache.http.wire -  >> "<soapenv:Envelope xmlns:bcc="http://www.huawei.com/bme/cbsinterface/bccommon" xmlns:bcs="http://www.huawei.com/bme/cbsinterface/bcservices" xmlns:ws="http://ws.web.gatewaycbs.tigo.com.co/" xmlns:soapenv="http://schemas.xmlsoap.org/soap/envelope/">[\n]"
11:16:10.222 [Test worker] DEBUG org.apache.http.wire -  >> "   <soapenv:Header/>[\n]"
11:16:10.222 [Test worker] DEBUG org.apache.http.wire -  >> "   <soapenv:Body>[\n]"
11:16:10.223 [Test worker] DEBUG org.apache.http.wire -  >> "      <ws:queryCustomerInfo>[\n]"
11:16:10.223 [Test worker] DEBUG org.apache.http.wire -  >> "         <!--Optional:-->[\n]"
11:16:10.223 [Test worker] DEBUG org.apache.http.wire -  >> "         <QueryCustomerInfoRequest>[\n]"
11:16:10.223 [Test worker] DEBUG org.apache.http.wire -  >> "            <bcs:QueryObj>[\n]"
11:16:10.223 [Test worker] DEBUG org.apache.http.wire -  >> "               <!--Optional:-->[\n]"
11:16:10.223 [Test worker] DEBUG org.apache.http.wire -  >> "               <bcs:SubAccessCode>[\n]"
11:16:10.224 [Test worker] DEBUG org.apache.http.wire -  >> "                  <!--Optional:-->[\n]"
11:16:10.224 [Test worker] DEBUG org.apache.http.wire -  >> "                  <bcc:PrimaryIdentity>3052754289</bcc:PrimaryIdentity>[\n]"
11:16:10.224 [Test worker] DEBUG org.apache.http.wire -  >> "               </bcs:SubAccessCode>[\n]"
11:16:10.224 [Test worker] DEBUG org.apache.http.wire -  >> "            </bcs:QueryObj>[\n]"
11:16:10.224 [Test worker] DEBUG org.apache.http.wire -  >> "         </QueryCustomerInfoRequest>[\n]"
11:16:10.224 [Test worker] DEBUG org.apache.http.wire -  >> "      </ws:queryCustomerInfo>[\n]"
11:16:10.224 [Test worker] DEBUG org.apache.http.wire -  >> "   </soapenv:Body>[\n]"
11:16:10.224 [Test worker] DEBUG org.apache.http.wire -  >> "</soapenv:Envelope>"
11:16:10.307 [Test worker] DEBUG org.apache.http.wire -  << "HTTP/1.1 200 OK[\r][\n]"
11:16:10.307 [Test worker] DEBUG org.apache.http.wire -  << "Date: Thu, 21 Jul 2022 16:16:09 GMT[\r][\n]"
11:16:10.307 [Test worker] DEBUG org.apache.http.wire -  << "Transfer-Encoding: chunked[\r][\n]"
11:16:10.307 [Test worker] DEBUG org.apache.http.wire -  << "Content-Type: text/xml; charset=utf-8[\r][\n]"
11:16:10.307 [Test worker] DEBUG org.apache.http.wire -  << "[\r][\n]"
11:16:10.307 [Test worker] DEBUG org.apache.http.impl.conn.DefaultClientConnection - Receiving response: HTTP/1.1 200 OK
11:16:10.307 [Test worker] DEBUG org.apache.http.headers - << HTTP/1.1 200 OK
11:16:10.307 [Test worker] DEBUG org.apache.http.headers - << Date: Thu, 21 Jul 2022 16:16:09 GMT
11:16:10.308 [Test worker] DEBUG org.apache.http.headers - << Transfer-Encoding: chunked
11:16:10.308 [Test worker] DEBUG org.apache.http.headers - << Content-Type: text/xml; charset=utf-8
11:16:10.308 [Test worker] DEBUG org.apache.http.impl.client.DefaultHttpClient - Connection can be kept alive indefinitely
11:16:10.308 [Test worker] DEBUG io.restassured.internal.RequestSpecificationImpl$RestAssuredHttpBuilder - Parsing response as: text/xml; charset=utf-8
11:16:10.309 [Test worker] DEBUG io.restassured.internal.RequestSpecificationImpl$RestAssuredHttpBuilder - Parsed data to instance of: class org.apache.http.conn.EofSensorInputStream
11:16:10.312 [Test worker] DEBUG org.apache.http.wire -  << "006e[\r][\n]"
11:16:10.312 [Test worker] DEBUG org.apache.http.wire -  << "<?xml version='1.0' encoding='UTF-8'?><S:Envelope xmlns:S="http://schemas.xmlsoap.org/soap/envelope/"><S:Body>"
11:16:10.313 [Test worker] DEBUG org.apache.http.wire -  << "[\r][\n]"
11:16:10.313 [Test worker] DEBUG org.apache.http.wire -  << "01f8[\r][\n]"
11:16:10.313 [Test worker] DEBUG org.apache.http.wire -  << "<ns4:queryCustomerInfoResponse xmlns:ns2="http://www.huawei.com/bme/cbsinterface/bccommon" xmlns:ns3="http://www.huawei.com/bme/cbsinterface/bcservices" xmlns:ns4="http://ws.web.gatewaycbs.tigo.com.co/" xmlns:ns5="http://www.huawei.com/bme/cbsinterface/cbscommon"><return><ResultHeader><ns5:Version>1</ns5:Version><ns5:ResultCode>118030260</ns5:ResultCode><ns5:ResultDesc>Subscriber 3052754289 does not exist.</ns5:ResultDesc></ResultHeader></return></ns4:queryCustomerInfoResponse></S:Body></S:Envelope>"
11:16:10.313 [Test worker] DEBUG org.apache.http.wire -  << "[\r][\n]"
11:16:10.313 [Test worker] DEBUG org.apache.http.wire -  << "0000[\r][\n]"
11:16:10.313 [Test worker] DEBUG org.apache.http.wire -  << "[\r][\n]"
11:16:10.313 [Test worker] DEBUG org.apache.http.impl.conn.BasicClientConnectionManager - Releasing connection org.apache.http.impl.conn.ManagedClientConnectionImpl@2e98ee01
11:16:10.313 [Test worker] DEBUG org.apache.http.impl.conn.BasicClientConnectionManager - Connection can be kept alive indefinitely
La linea 3052754289 no esta activa
10.69.60.87
se ejecuta correctamente DB Activator
se ejecuta correctamente  DB EPOS
11:16:14.260 [Finalizer] DEBUG org.apache.http.impl.conn.DefaultClientConnection - Connection 0.0.0.0:63842<->10.65.45.12:9001 closed
se ejecuta correctamente DB Siebel
se ejecuta correctamente DB Postale
**** Se ejecutaran los SP para semilla 3 ****
se ejecuta correctamente DB Activator
se ejecuta correctamente  DB EPOS
se ejecuta correctamente DB Siebel
se ejecuta correctamente DB Postale
11:16:24.654 [Test worker] DEBUG org.apache.http.impl.conn.BasicClientConnectionManager - Get connection for route {}->http://10.65.45.12:9001
11:16:24.655 [Test worker] DEBUG org.apache.http.impl.conn.DefaultClientConnectionOperator - Connecting to 10.65.45.12:9001
11:16:24.696 [Test worker] DEBUG org.apache.http.client.protocol.RequestAddCookies - CookieSpec selected: ignoreCookies
11:16:24.696 [Test worker] DEBUG org.apache.http.client.protocol.RequestAuthCache - Auth cache not set in the context
11:16:24.696 [Test worker] DEBUG org.apache.http.client.protocol.RequestTargetAuthentication - Target auth state: UNCHALLENGED
11:16:24.696 [Test worker] DEBUG org.apache.http.client.protocol.RequestProxyAuthentication - Proxy auth state: UNCHALLENGED
11:16:24.696 [Test worker] DEBUG org.apache.http.impl.client.DefaultHttpClient - Attempt 1 to execute request
11:16:24.696 [Test worker] DEBUG org.apache.http.impl.conn.DefaultClientConnection - Sending request: POST /gatewaycbs/BcServicesInt HTTP/1.1
11:16:24.697 [Test worker] DEBUG org.apache.http.wire -  >> "POST /gatewaycbs/BcServicesInt HTTP/1.1[\r][\n]"
11:16:24.697 [Test worker] DEBUG org.apache.http.wire -  >> "Accept: */*[\r][\n]"
11:16:24.697 [Test worker] DEBUG org.apache.http.wire -  >> "Content-Type: text/xml;charset=UTF-8[\r][\n]"
11:16:24.697 [Test worker] DEBUG org.apache.http.wire -  >> "Content-Length: 748[\r][\n]"
11:16:24.697 [Test worker] DEBUG org.apache.http.wire -  >> "Host: 10.65.45.12:9001[\r][\n]"
11:16:24.697 [Test worker] DEBUG org.apache.http.wire -  >> "Connection: Keep-Alive[\r][\n]"
11:16:24.698 [Test worker] DEBUG org.apache.http.wire -  >> "User-Agent: Apache-HttpClient/4.5.9 (Java/1.8.0_301)[\r][\n]"
11:16:24.698 [Test worker] DEBUG org.apache.http.wire -  >> "Accept-Encoding: gzip,deflate[\r][\n]"
11:16:24.698 [Test worker] DEBUG org.apache.http.wire -  >> "[\r][\n]"
11:16:24.698 [Test worker] DEBUG org.apache.http.headers - >> POST /gatewaycbs/BcServicesInt HTTP/1.1
11:16:24.698 [Test worker] DEBUG org.apache.http.headers - >> Accept: */*
11:16:24.698 [Test worker] DEBUG org.apache.http.headers - >> Content-Type: text/xml;charset=UTF-8
11:16:24.698 [Test worker] DEBUG org.apache.http.headers - >> Content-Length: 748
11:16:24.698 [Test worker] DEBUG org.apache.http.headers - >> Host: 10.65.45.12:9001
11:16:24.698 [Test worker] DEBUG org.apache.http.headers - >> Connection: Keep-Alive
11:16:24.698 [Test worker] DEBUG org.apache.http.headers - >> User-Agent: Apache-HttpClient/4.5.9 (Java/1.8.0_301)
11:16:24.698 [Test worker] DEBUG org.apache.http.headers - >> Accept-Encoding: gzip,deflate
11:16:24.700 [Test worker] DEBUG org.apache.http.wire -  >> "<soapenv:Envelope xmlns:bcc="http://www.huawei.com/bme/cbsinterface/bccommon" xmlns:bcs="http://www.huawei.com/bme/cbsinterface/bcservices" xmlns:ws="http://ws.web.gatewaycbs.tigo.com.co/" xmlns:soapenv="http://schemas.xmlsoap.org/soap/envelope/">[\n]"
11:16:24.700 [Test worker] DEBUG org.apache.http.wire -  >> "   <soapenv:Header/>[\n]"
11:16:24.700 [Test worker] DEBUG org.apache.http.wire -  >> "   <soapenv:Body>[\n]"
11:16:24.701 [Test worker] DEBUG org.apache.http.wire -  >> "      <ws:queryCustomerInfo>[\n]"
11:16:24.701 [Test worker] DEBUG org.apache.http.wire -  >> "         <!--Optional:-->[\n]"
11:16:24.702 [Test worker] DEBUG org.apache.http.wire -  >> "         <QueryCustomerInfoRequest>[\n]"
11:16:24.702 [Test worker] DEBUG org.apache.http.wire -  >> "            <bcs:QueryObj>[\n]"
11:16:24.702 [Test worker] DEBUG org.apache.http.wire -  >> "               <!--Optional:-->[\n]"
11:16:24.702 [Test worker] DEBUG org.apache.http.wire -  >> "               <bcs:SubAccessCode>[\n]"
11:16:24.702 [Test worker] DEBUG org.apache.http.wire -  >> "                  <!--Optional:-->[\n]"
11:16:24.702 [Test worker] DEBUG org.apache.http.wire -  >> "                  <bcc:PrimaryIdentity>3046010569</bcc:PrimaryIdentity>[\n]"
11:16:24.702 [Test worker] DEBUG org.apache.http.wire -  >> "               </bcs:SubAccessCode>[\n]"
11:16:24.702 [Test worker] DEBUG org.apache.http.wire -  >> "            </bcs:QueryObj>[\n]"
11:16:24.702 [Test worker] DEBUG org.apache.http.wire -  >> "         </QueryCustomerInfoRequest>[\n]"
11:16:24.702 [Test worker] DEBUG org.apache.http.wire -  >> "      </ws:queryCustomerInfo>[\n]"
11:16:24.702 [Test worker] DEBUG org.apache.http.wire -  >> "   </soapenv:Body>[\n]"
11:16:24.702 [Test worker] DEBUG org.apache.http.wire -  >> "</soapenv:Envelope>"
11:16:24.780 [Test worker] DEBUG org.apache.http.wire -  << "HTTP/1.1 200 OK[\r][\n]"
11:16:24.780 [Test worker] DEBUG org.apache.http.wire -  << "Date: Thu, 21 Jul 2022 16:16:23 GMT[\r][\n]"
11:16:24.780 [Test worker] DEBUG org.apache.http.wire -  << "Transfer-Encoding: chunked[\r][\n]"
11:16:24.780 [Test worker] DEBUG org.apache.http.wire -  << "Content-Type: text/xml; charset=utf-8[\r][\n]"
11:16:24.781 [Test worker] DEBUG org.apache.http.wire -  << "[\r][\n]"
11:16:24.781 [Test worker] DEBUG org.apache.http.impl.conn.DefaultClientConnection - Receiving response: HTTP/1.1 200 OK
11:16:24.781 [Test worker] DEBUG org.apache.http.headers - << HTTP/1.1 200 OK
11:16:24.781 [Test worker] DEBUG org.apache.http.headers - << Date: Thu, 21 Jul 2022 16:16:23 GMT
11:16:24.781 [Test worker] DEBUG org.apache.http.headers - << Transfer-Encoding: chunked
11:16:24.781 [Test worker] DEBUG org.apache.http.headers - << Content-Type: text/xml; charset=utf-8
11:16:24.781 [Test worker] DEBUG org.apache.http.impl.client.DefaultHttpClient - Connection can be kept alive indefinitely
11:16:24.782 [Test worker] DEBUG io.restassured.internal.RequestSpecificationImpl$RestAssuredHttpBuilder - Parsing response as: text/xml; charset=utf-8
11:16:24.782 [Test worker] DEBUG io.restassured.internal.RequestSpecificationImpl$RestAssuredHttpBuilder - Parsed data to instance of: class org.apache.http.conn.EofSensorInputStream
11:16:24.784 [Test worker] DEBUG org.apache.http.wire -  << "006e[\r][\n]"
11:16:24.785 [Test worker] DEBUG org.apache.http.wire -  << "<?xml version='1.0' encoding='UTF-8'?><S:Envelope xmlns:S="http://schemas.xmlsoap.org/soap/envelope/"><S:Body>"
11:16:24.785 [Test worker] DEBUG org.apache.http.wire -  << "[\r][\n]"
11:16:24.785 [Test worker] DEBUG org.apache.http.wire -  << "01f8[\r][\n]"
11:16:24.785 [Test worker] DEBUG org.apache.http.wire -  << "<ns4:queryCustomerInfoResponse xmlns:ns2="http://www.huawei.com/bme/cbsinterface/bccommon" xmlns:ns3="http://www.huawei.com/bme/cbsinterface/bcservices" xmlns:ns4="http://ws.web.gatewaycbs.tigo.com.co/" xmlns:ns5="http://www.huawei.com/bme/cbsinterface/cbscommon"><return><ResultHeader><ns5:Version>1</ns5:Version><ns5:ResultCode>118030260</ns5:ResultCode><ns5:ResultDesc>Subscriber 3046010569 does not exist.</ns5:ResultDesc></ResultHeader></return></ns4:queryCustomerInfoResponse></S:Body></S:Envelope>"
11:16:24.785 [Test worker] DEBUG org.apache.http.wire -  << "[\r][\n]"
11:16:24.785 [Test worker] DEBUG org.apache.http.wire -  << "0000[\r][\n]"
11:16:24.786 [Test worker] DEBUG org.apache.http.wire -  << "[\r][\n]"
11:16:24.786 [Test worker] DEBUG org.apache.http.impl.conn.BasicClientConnectionManager - Releasing connection org.apache.http.impl.conn.ManagedClientConnectionImpl@f6ef0bb
11:16:24.786 [Test worker] DEBUG org.apache.http.impl.conn.BasicClientConnectionManager - Connection can be kept alive indefinitely
La linea 3046010569 no esta activa
10.69.60.87
se ejecuta correctamente DB Activator
se ejecuta correctamente  DB EPOS
se ejecuta correctamente DB Siebel
se ejecuta correctamente DB Postale
**** Se ejecutaran los SP para semilla 3 ****
se ejecuta correctamente DB Activator
se ejecuta correctamente  DB EPOS
se ejecuta correctamente DB Siebel
se ejecuta correctamente DB Postale
11:16:37.334 [Test worker] DEBUG org.apache.http.impl.conn.BasicClientConnectionManager - Get connection for route {}->http://10.65.45.12:9001
11:16:37.334 [Test worker] DEBUG org.apache.http.impl.conn.DefaultClientConnectionOperator - Connecting to 10.65.45.12:9001
11:16:37.366 [Test worker] DEBUG org.apache.http.client.protocol.RequestAddCookies - CookieSpec selected: ignoreCookies
11:16:37.367 [Test worker] DEBUG org.apache.http.client.protocol.RequestAuthCache - Auth cache not set in the context
11:16:37.367 [Test worker] DEBUG org.apache.http.client.protocol.RequestTargetAuthentication - Target auth state: UNCHALLENGED
11:16:37.367 [Test worker] DEBUG org.apache.http.client.protocol.RequestProxyAuthentication - Proxy auth state: UNCHALLENGED
11:16:37.367 [Test worker] DEBUG org.apache.http.impl.client.DefaultHttpClient - Attempt 1 to execute request
11:16:37.367 [Test worker] DEBUG org.apache.http.impl.conn.DefaultClientConnection - Sending request: POST /gatewaycbs/BcServicesInt HTTP/1.1
11:16:37.367 [Test worker] DEBUG org.apache.http.wire -  >> "POST /gatewaycbs/BcServicesInt HTTP/1.1[\r][\n]"
11:16:37.367 [Test worker] DEBUG org.apache.http.wire -  >> "Accept: */*[\r][\n]"
11:16:37.367 [Test worker] DEBUG org.apache.http.wire -  >> "Content-Type: text/xml;charset=UTF-8[\r][\n]"
11:16:37.367 [Test worker] DEBUG org.apache.http.wire -  >> "Content-Length: 748[\r][\n]"
11:16:37.367 [Test worker] DEBUG org.apache.http.wire -  >> "Host: 10.65.45.12:9001[\r][\n]"
11:16:37.368 [Test worker] DEBUG org.apache.http.wire -  >> "Connection: Keep-Alive[\r][\n]"
11:16:37.368 [Test worker] DEBUG org.apache.http.wire -  >> "User-Agent: Apache-HttpClient/4.5.9 (Java/1.8.0_301)[\r][\n]"
11:16:37.368 [Test worker] DEBUG org.apache.http.wire -  >> "Accept-Encoding: gzip,deflate[\r][\n]"
11:16:37.368 [Test worker] DEBUG org.apache.http.wire -  >> "[\r][\n]"
11:16:37.368 [Test worker] DEBUG org.apache.http.headers - >> POST /gatewaycbs/BcServicesInt HTTP/1.1
11:16:37.368 [Test worker] DEBUG org.apache.http.headers - >> Accept: */*
11:16:37.368 [Test worker] DEBUG org.apache.http.headers - >> Content-Type: text/xml;charset=UTF-8
11:16:37.368 [Test worker] DEBUG org.apache.http.headers - >> Content-Length: 748
11:16:37.368 [Test worker] DEBUG org.apache.http.headers - >> Host: 10.65.45.12:9001
11:16:37.368 [Test worker] DEBUG org.apache.http.headers - >> Connection: Keep-Alive
11:16:37.368 [Test worker] DEBUG org.apache.http.headers - >> User-Agent: Apache-HttpClient/4.5.9 (Java/1.8.0_301)
11:16:37.369 [Test worker] DEBUG org.apache.http.headers - >> Accept-Encoding: gzip,deflate
11:16:37.370 [Test worker] DEBUG org.apache.http.wire -  >> "<soapenv:Envelope xmlns:bcc="http://www.huawei.com/bme/cbsinterface/bccommon" xmlns:bcs="http://www.huawei.com/bme/cbsinterface/bcservices" xmlns:ws="http://ws.web.gatewaycbs.tigo.com.co/" xmlns:soapenv="http://schemas.xmlsoap.org/soap/envelope/">[\n]"
11:16:37.370 [Test worker] DEBUG org.apache.http.wire -  >> "   <soapenv:Header/>[\n]"
11:16:37.370 [Test worker] DEBUG org.apache.http.wire -  >> "   <soapenv:Body>[\n]"
11:16:37.370 [Test worker] DEBUG org.apache.http.wire -  >> "      <ws:queryCustomerInfo>[\n]"
11:16:37.370 [Test worker] DEBUG org.apache.http.wire -  >> "         <!--Optional:-->[\n]"
11:16:37.370 [Test worker] DEBUG org.apache.http.wire -  >> "         <QueryCustomerInfoRequest>[\n]"
11:16:37.370 [Test worker] DEBUG org.apache.http.wire -  >> "            <bcs:QueryObj>[\n]"
11:16:37.370 [Test worker] DEBUG org.apache.http.wire -  >> "               <!--Optional:-->[\n]"
11:16:37.370 [Test worker] DEBUG org.apache.http.wire -  >> "               <bcs:SubAccessCode>[\n]"
11:16:37.371 [Test worker] DEBUG org.apache.http.wire -  >> "                  <!--Optional:-->[\n]"
11:16:37.371 [Test worker] DEBUG org.apache.http.wire -  >> "                  <bcc:PrimaryIdentity>3052754293</bcc:PrimaryIdentity>[\n]"
11:16:37.371 [Test worker] DEBUG org.apache.http.wire -  >> "               </bcs:SubAccessCode>[\n]"
11:16:37.371 [Test worker] DEBUG org.apache.http.wire -  >> "            </bcs:QueryObj>[\n]"
11:16:37.371 [Test worker] DEBUG org.apache.http.wire -  >> "         </QueryCustomerInfoRequest>[\n]"
11:16:37.371 [Test worker] DEBUG org.apache.http.wire -  >> "      </ws:queryCustomerInfo>[\n]"
11:16:37.371 [Test worker] DEBUG org.apache.http.wire -  >> "   </soapenv:Body>[\n]"
11:16:37.371 [Test worker] DEBUG org.apache.http.wire -  >> "</soapenv:Envelope>"
11:16:37.454 [Test worker] DEBUG org.apache.http.wire -  << "HTTP/1.1 200 OK[\r][\n]"
11:16:37.454 [Test worker] DEBUG org.apache.http.wire -  << "Date: Thu, 21 Jul 2022 16:16:36 GMT[\r][\n]"
11:16:37.454 [Test worker] DEBUG org.apache.http.wire -  << "Transfer-Encoding: chunked[\r][\n]"
11:16:37.455 [Test worker] DEBUG org.apache.http.wire -  << "Content-Type: text/xml; charset=utf-8[\r][\n]"
11:16:37.455 [Test worker] DEBUG org.apache.http.wire -  << "[\r][\n]"
11:16:37.455 [Test worker] DEBUG org.apache.http.impl.conn.DefaultClientConnection - Receiving response: HTTP/1.1 200 OK
11:16:37.455 [Test worker] DEBUG org.apache.http.headers - << HTTP/1.1 200 OK
11:16:37.455 [Test worker] DEBUG org.apache.http.headers - << Date: Thu, 21 Jul 2022 16:16:36 GMT
11:16:37.455 [Test worker] DEBUG org.apache.http.headers - << Transfer-Encoding: chunked
11:16:37.455 [Test worker] DEBUG org.apache.http.headers - << Content-Type: text/xml; charset=utf-8
11:16:37.455 [Test worker] DEBUG org.apache.http.impl.client.DefaultHttpClient - Connection can be kept alive indefinitely
11:16:37.456 [Test worker] DEBUG io.restassured.internal.RequestSpecificationImpl$RestAssuredHttpBuilder - Parsing response as: text/xml; charset=utf-8
11:16:37.456 [Test worker] DEBUG io.restassured.internal.RequestSpecificationImpl$RestAssuredHttpBuilder - Parsed data to instance of: class org.apache.http.conn.EofSensorInputStream
11:16:37.459 [Test worker] DEBUG org.apache.http.wire -  << "006e[\r][\n]"
11:16:37.459 [Test worker] DEBUG org.apache.http.wire -  << "<?xml version='1.0' encoding='UTF-8'?><S:Envelope xmlns:S="http://schemas.xmlsoap.org/soap/envelope/"><S:Body>"
11:16:37.459 [Test worker] DEBUG org.apache.http.wire -  << "[\r][\n]"
11:16:37.459 [Test worker] DEBUG org.apache.http.wire -  << "01f8[\r][\n]"
11:16:37.459 [Test worker] DEBUG org.apache.http.wire -  << "<ns4:queryCustomerInfoResponse xmlns:ns2="http://www.huawei.com/bme/cbsinterface/bccommon" xmlns:ns3="http://www.huawei.com/bme/cbsinterface/bcservices" xmlns:ns4="http://ws.web.gatewaycbs.tigo.com.co/" xmlns:ns5="http://www.huawei.com/bme/cbsinterface/cbscommon"><return><ResultHeader><ns5:Version>1</ns5:Version><ns5:ResultCode>118030260</ns5:ResultCode><ns5:ResultDesc>Subscriber 3052754293 does not exist.</ns5:ResultDesc></ResultHeader></return></ns4:queryCustomerInfoResponse></S:Body></S:Envelope>"
11:16:37.459 [Test worker] DEBUG org.apache.http.wire -  << "[\r][\n]"
11:16:37.459 [Test worker] DEBUG org.apache.http.wire -  << "0000[\r][\n]"
11:16:37.460 [Test worker] DEBUG org.apache.http.wire -  << "[\r][\n]"
11:16:37.460 [Test worker] DEBUG org.apache.http.impl.conn.BasicClientConnectionManager - Releasing connection org.apache.http.impl.conn.ManagedClientConnectionImpl@2c6376fe
11:16:37.460 [Test worker] DEBUG org.apache.http.impl.conn.BasicClientConnectionManager - Connection can be kept alive indefinitely
La linea 3052754293 no esta activa
10.69.60.87
se ejecuta correctamente DB Activator
11:16:38.073 [Finalizer] DEBUG org.apache.http.impl.conn.DefaultClientConnection - Connection 0.0.0.0:63870<->10.65.45.12:9001 closed
11:16:38.089 [Finalizer] DEBUG org.apache.http.impl.conn.DefaultClientConnection - Connection 0.0.0.0:63858<->10.65.45.12:9001 closed
se ejecuta correctamente  DB EPOS
se ejecuta correctamente DB Siebel
se ejecuta correctamente DB Postale
**** Se ejecutaran los SP para semilla 3 ****
se ejecuta correctamente DB Activator
se ejecuta correctamente  DB EPOS
se ejecuta correctamente DB Siebel
se ejecuta correctamente DB Postale
11:16:50.483 [Test worker] DEBUG org.apache.http.impl.conn.BasicClientConnectionManager - Get connection for route {}->http://10.65.45.12:9001
11:16:50.484 [Test worker] DEBUG org.apache.http.impl.conn.DefaultClientConnectionOperator - Connecting to 10.65.45.12:9001
11:16:50.519 [Test worker] DEBUG org.apache.http.client.protocol.RequestAddCookies - CookieSpec selected: ignoreCookies
11:16:50.520 [Test worker] DEBUG org.apache.http.client.protocol.RequestAuthCache - Auth cache not set in the context
11:16:50.520 [Test worker] DEBUG org.apache.http.client.protocol.RequestTargetAuthentication - Target auth state: UNCHALLENGED
11:16:50.520 [Test worker] DEBUG org.apache.http.client.protocol.RequestProxyAuthentication - Proxy auth state: UNCHALLENGED
11:16:50.520 [Test worker] DEBUG org.apache.http.impl.client.DefaultHttpClient - Attempt 1 to execute request
11:16:50.520 [Test worker] DEBUG org.apache.http.impl.conn.DefaultClientConnection - Sending request: POST /gatewaycbs/BcServicesInt HTTP/1.1
11:16:50.520 [Test worker] DEBUG org.apache.http.wire -  >> "POST /gatewaycbs/BcServicesInt HTTP/1.1[\r][\n]"
11:16:50.520 [Test worker] DEBUG org.apache.http.wire -  >> "Accept: */*[\r][\n]"
11:16:50.520 [Test worker] DEBUG org.apache.http.wire -  >> "Content-Type: text/xml;charset=UTF-8[\r][\n]"
11:16:50.520 [Test worker] DEBUG org.apache.http.wire -  >> "Content-Length: 748[\r][\n]"
11:16:50.520 [Test worker] DEBUG org.apache.http.wire -  >> "Host: 10.65.45.12:9001[\r][\n]"
11:16:50.520 [Test worker] DEBUG org.apache.http.wire -  >> "Connection: Keep-Alive[\r][\n]"
11:16:50.520 [Test worker] DEBUG org.apache.http.wire -  >> "User-Agent: Apache-HttpClient/4.5.9 (Java/1.8.0_301)[\r][\n]"
11:16:50.521 [Test worker] DEBUG org.apache.http.wire -  >> "Accept-Encoding: gzip,deflate[\r][\n]"
11:16:50.521 [Test worker] DEBUG org.apache.http.wire -  >> "[\r][\n]"
11:16:50.521 [Test worker] DEBUG org.apache.http.headers - >> POST /gatewaycbs/BcServicesInt HTTP/1.1
11:16:50.521 [Test worker] DEBUG org.apache.http.headers - >> Accept: */*
11:16:50.521 [Test worker] DEBUG org.apache.http.headers - >> Content-Type: text/xml;charset=UTF-8
11:16:50.521 [Test worker] DEBUG org.apache.http.headers - >> Content-Length: 748
11:16:50.521 [Test worker] DEBUG org.apache.http.headers - >> Host: 10.65.45.12:9001
11:16:50.521 [Test worker] DEBUG org.apache.http.headers - >> Connection: Keep-Alive
11:16:50.521 [Test worker] DEBUG org.apache.http.headers - >> User-Agent: Apache-HttpClient/4.5.9 (Java/1.8.0_301)
11:16:50.522 [Test worker] DEBUG org.apache.http.headers - >> Accept-Encoding: gzip,deflate
11:16:50.523 [Test worker] DEBUG org.apache.http.wire -  >> "<soapenv:Envelope xmlns:bcc="http://www.huawei.com/bme/cbsinterface/bccommon" xmlns:bcs="http://www.huawei.com/bme/cbsinterface/bcservices" xmlns:ws="http://ws.web.gatewaycbs.tigo.com.co/" xmlns:soapenv="http://schemas.xmlsoap.org/soap/envelope/">[\n]"
11:16:50.523 [Test worker] DEBUG org.apache.http.wire -  >> "   <soapenv:Header/>[\n]"
11:16:50.523 [Test worker] DEBUG org.apache.http.wire -  >> "   <soapenv:Body>[\n]"
11:16:50.523 [Test worker] DEBUG org.apache.http.wire -  >> "      <ws:queryCustomerInfo>[\n]"
11:16:50.523 [Test worker] DEBUG org.apache.http.wire -  >> "         <!--Optional:-->[\n]"
11:16:50.524 [Test worker] DEBUG org.apache.http.wire -  >> "         <QueryCustomerInfoRequest>[\n]"
11:16:50.524 [Test worker] DEBUG org.apache.http.wire -  >> "            <bcs:QueryObj>[\n]"
11:16:50.524 [Test worker] DEBUG org.apache.http.wire -  >> "               <!--Optional:-->[\n]"
11:16:50.524 [Test worker] DEBUG org.apache.http.wire -  >> "               <bcs:SubAccessCode>[\n]"
11:16:50.524 [Test worker] DEBUG org.apache.http.wire -  >> "                  <!--Optional:-->[\n]"
11:16:50.524 [Test worker] DEBUG org.apache.http.wire -  >> "                  <bcc:PrimaryIdentity>3052754321</bcc:PrimaryIdentity>[\n]"
11:16:50.525 [Test worker] DEBUG org.apache.http.wire -  >> "               </bcs:SubAccessCode>[\n]"
11:16:50.525 [Test worker] DEBUG org.apache.http.wire -  >> "            </bcs:QueryObj>[\n]"
11:16:50.525 [Test worker] DEBUG org.apache.http.wire -  >> "         </QueryCustomerInfoRequest>[\n]"
11:16:50.525 [Test worker] DEBUG org.apache.http.wire -  >> "      </ws:queryCustomerInfo>[\n]"
11:16:50.525 [Test worker] DEBUG org.apache.http.wire -  >> "   </soapenv:Body>[\n]"
11:16:50.525 [Test worker] DEBUG org.apache.http.wire -  >> "</soapenv:Envelope>"
11:16:50.617 [Test worker] DEBUG org.apache.http.wire -  << "HTTP/1.1 200 OK[\r][\n]"
11:16:50.618 [Test worker] DEBUG org.apache.http.wire -  << "Date: Thu, 21 Jul 2022 16:16:49 GMT[\r][\n]"
11:16:50.618 [Test worker] DEBUG org.apache.http.wire -  << "Transfer-Encoding: chunked[\r][\n]"
11:16:50.618 [Test worker] DEBUG org.apache.http.wire -  << "Content-Type: text/xml; charset=utf-8[\r][\n]"
11:16:50.618 [Test worker] DEBUG org.apache.http.wire -  << "[\r][\n]"
11:16:50.618 [Test worker] DEBUG org.apache.http.impl.conn.DefaultClientConnection - Receiving response: HTTP/1.1 200 OK
11:16:50.618 [Test worker] DEBUG org.apache.http.headers - << HTTP/1.1 200 OK
11:16:50.618 [Test worker] DEBUG org.apache.http.headers - << Date: Thu, 21 Jul 2022 16:16:49 GMT
11:16:50.618 [Test worker] DEBUG org.apache.http.headers - << Transfer-Encoding: chunked
11:16:50.619 [Test worker] DEBUG org.apache.http.headers - << Content-Type: text/xml; charset=utf-8
11:16:50.619 [Test worker] DEBUG org.apache.http.impl.client.DefaultHttpClient - Connection can be kept alive indefinitely
11:16:50.619 [Test worker] DEBUG io.restassured.internal.RequestSpecificationImpl$RestAssuredHttpBuilder - Parsing response as: text/xml; charset=utf-8
11:16:50.619 [Test worker] DEBUG io.restassured.internal.RequestSpecificationImpl$RestAssuredHttpBuilder - Parsed data to instance of: class org.apache.http.conn.EofSensorInputStream
11:16:50.622 [Test worker] DEBUG org.apache.http.wire -  << "006e[\r][\n]"
11:16:50.622 [Test worker] DEBUG org.apache.http.wire -  << "<?xml version='1.0' encoding='UTF-8'?><S:Envelope xmlns:S="http://schemas.xmlsoap.org/soap/envelope/"><S:Body>"
11:16:50.622 [Test worker] DEBUG org.apache.http.wire -  << "[\r][\n]"
11:16:50.622 [Test worker] DEBUG org.apache.http.wire -  << "01f8[\r][\n]"
11:16:50.622 [Test worker] DEBUG org.apache.http.wire -  << "<ns4:queryCustomerInfoResponse xmlns:ns2="http://www.huawei.com/bme/cbsinterface/bccommon" xmlns:ns3="http://www.huawei.com/bme/cbsinterface/bcservices" xmlns:ns4="http://ws.web.gatewaycbs.tigo.com.co/" xmlns:ns5="http://www.huawei.com/bme/cbsinterface/cbscommon"><return><ResultHeader><ns5:Version>1</ns5:Version><ns5:ResultCode>118030260</ns5:ResultCode><ns5:ResultDesc>Subscriber 3052754321 does not exist.</ns5:ResultDesc></ResultHeader></return></ns4:queryCustomerInfoResponse></S:Body></S:Envelope>"
11:16:50.622 [Test worker] DEBUG org.apache.http.wire -  << "[\r][\n]"
11:16:50.622 [Test worker] DEBUG org.apache.http.wire -  << "0000[\r][\n]"
11:16:50.622 [Test worker] DEBUG org.apache.http.wire -  << "[\r][\n]"
11:16:50.623 [Test worker] DEBUG org.apache.http.impl.conn.BasicClientConnectionManager - Releasing connection org.apache.http.impl.conn.ManagedClientConnectionImpl@2f247d3e
11:16:50.623 [Test worker] DEBUG org.apache.http.impl.conn.BasicClientConnectionManager - Connection can be kept alive indefinitely
La linea 3052754321 no esta activa
10.69.60.87
se ejecuta correctamente DB Activator
se ejecuta correctamente  DB EPOS
se ejecuta correctamente DB Siebel
se ejecuta correctamente DB Postale
**** Se ejecutaran los SP para semilla 3 ****
se ejecuta correctamente DB Activator
se ejecuta correctamente  DB EPOS
se ejecuta correctamente DB Siebel
se ejecuta correctamente DB Postale
11:17:02.460 [Test worker] DEBUG org.apache.http.impl.conn.BasicClientConnectionManager - Get connection for route {}->http://10.65.45.12:9001
11:17:02.461 [Test worker] DEBUG org.apache.http.impl.conn.DefaultClientConnectionOperator - Connecting to 10.65.45.12:9001
11:17:02.497 [Test worker] DEBUG org.apache.http.client.protocol.RequestAddCookies - CookieSpec selected: ignoreCookies
11:17:02.497 [Test worker] DEBUG org.apache.http.client.protocol.RequestAuthCache - Auth cache not set in the context
11:17:02.497 [Test worker] DEBUG org.apache.http.client.protocol.RequestTargetAuthentication - Target auth state: UNCHALLENGED
11:17:02.497 [Test worker] DEBUG org.apache.http.client.protocol.RequestProxyAuthentication - Proxy auth state: UNCHALLENGED
11:17:02.497 [Test worker] DEBUG org.apache.http.impl.client.DefaultHttpClient - Attempt 1 to execute request
11:17:02.497 [Test worker] DEBUG org.apache.http.impl.conn.DefaultClientConnection - Sending request: POST /gatewaycbs/BcServicesInt HTTP/1.1
11:17:02.497 [Test worker] DEBUG org.apache.http.wire -  >> "POST /gatewaycbs/BcServicesInt HTTP/1.1[\r][\n]"
11:17:02.497 [Test worker] DEBUG org.apache.http.wire -  >> "Accept: */*[\r][\n]"
11:17:02.498 [Test worker] DEBUG org.apache.http.wire -  >> "Content-Type: text/xml;charset=UTF-8[\r][\n]"
11:17:02.498 [Test worker] DEBUG org.apache.http.wire -  >> "Content-Length: 748[\r][\n]"
11:17:02.498 [Test worker] DEBUG org.apache.http.wire -  >> "Host: 10.65.45.12:9001[\r][\n]"
11:17:02.498 [Test worker] DEBUG org.apache.http.wire -  >> "Connection: Keep-Alive[\r][\n]"
11:17:02.498 [Test worker] DEBUG org.apache.http.wire -  >> "User-Agent: Apache-HttpClient/4.5.9 (Java/1.8.0_301)[\r][\n]"
11:17:02.498 [Test worker] DEBUG org.apache.http.wire -  >> "Accept-Encoding: gzip,deflate[\r][\n]"
11:17:02.498 [Test worker] DEBUG org.apache.http.wire -  >> "[\r][\n]"
11:17:02.498 [Test worker] DEBUG org.apache.http.headers - >> POST /gatewaycbs/BcServicesInt HTTP/1.1
11:17:02.498 [Test worker] DEBUG org.apache.http.headers - >> Accept: */*
11:17:02.498 [Test worker] DEBUG org.apache.http.headers - >> Content-Type: text/xml;charset=UTF-8
11:17:02.498 [Test worker] DEBUG org.apache.http.headers - >> Content-Length: 748
11:17:02.499 [Test worker] DEBUG org.apache.http.headers - >> Host: 10.65.45.12:9001
11:17:02.499 [Test worker] DEBUG org.apache.http.headers - >> Connection: Keep-Alive
11:17:02.499 [Test worker] DEBUG org.apache.http.headers - >> User-Agent: Apache-HttpClient/4.5.9 (Java/1.8.0_301)
11:17:02.499 [Test worker] DEBUG org.apache.http.headers - >> Accept-Encoding: gzip,deflate
11:17:02.500 [Test worker] DEBUG org.apache.http.wire -  >> "<soapenv:Envelope xmlns:bcc="http://www.huawei.com/bme/cbsinterface/bccommon" xmlns:bcs="http://www.huawei.com/bme/cbsinterface/bcservices" xmlns:ws="http://ws.web.gatewaycbs.tigo.com.co/" xmlns:soapenv="http://schemas.xmlsoap.org/soap/envelope/">[\n]"
11:17:02.501 [Test worker] DEBUG org.apache.http.wire -  >> "   <soapenv:Header/>[\n]"
11:17:02.501 [Test worker] DEBUG org.apache.http.wire -  >> "   <soapenv:Body>[\n]"
11:17:02.501 [Test worker] DEBUG org.apache.http.wire -  >> "      <ws:queryCustomerInfo>[\n]"
11:17:02.501 [Test worker] DEBUG org.apache.http.wire -  >> "         <!--Optional:-->[\n]"
11:17:02.501 [Test worker] DEBUG org.apache.http.wire -  >> "         <QueryCustomerInfoRequest>[\n]"
11:17:02.501 [Test worker] DEBUG org.apache.http.wire -  >> "            <bcs:QueryObj>[\n]"
11:17:02.501 [Test worker] DEBUG org.apache.http.wire -  >> "               <!--Optional:-->[\n]"
11:17:02.501 [Test worker] DEBUG org.apache.http.wire -  >> "               <bcs:SubAccessCode>[\n]"
11:17:02.501 [Test worker] DEBUG org.apache.http.wire -  >> "                  <!--Optional:-->[\n]"
11:17:02.501 [Test worker] DEBUG org.apache.http.wire -  >> "                  <bcc:PrimaryIdentity>3046008587</bcc:PrimaryIdentity>[\n]"
11:17:02.501 [Test worker] DEBUG org.apache.http.wire -  >> "               </bcs:SubAccessCode>[\n]"
11:17:02.501 [Test worker] DEBUG org.apache.http.wire -  >> "            </bcs:QueryObj>[\n]"
11:17:02.501 [Test worker] DEBUG org.apache.http.wire -  >> "         </QueryCustomerInfoRequest>[\n]"
11:17:02.501 [Test worker] DEBUG org.apache.http.wire -  >> "      </ws:queryCustomerInfo>[\n]"
11:17:02.501 [Test worker] DEBUG org.apache.http.wire -  >> "   </soapenv:Body>[\n]"
11:17:02.501 [Test worker] DEBUG org.apache.http.wire -  >> "</soapenv:Envelope>"
11:17:02.576 [Test worker] DEBUG org.apache.http.wire -  << "HTTP/1.1 200 OK[\r][\n]"
11:17:02.576 [Test worker] DEBUG org.apache.http.wire -  << "Date: Thu, 21 Jul 2022 16:17:01 GMT[\r][\n]"
11:17:02.576 [Test worker] DEBUG org.apache.http.wire -  << "Transfer-Encoding: chunked[\r][\n]"
11:17:02.577 [Test worker] DEBUG org.apache.http.wire -  << "Content-Type: text/xml; charset=utf-8[\r][\n]"
11:17:02.577 [Test worker] DEBUG org.apache.http.wire -  << "[\r][\n]"
11:17:02.577 [Test worker] DEBUG org.apache.http.impl.conn.DefaultClientConnection - Receiving response: HTTP/1.1 200 OK
11:17:02.577 [Test worker] DEBUG org.apache.http.headers - << HTTP/1.1 200 OK
11:17:02.577 [Test worker] DEBUG org.apache.http.headers - << Date: Thu, 21 Jul 2022 16:17:01 GMT
11:17:02.577 [Test worker] DEBUG org.apache.http.headers - << Transfer-Encoding: chunked
11:17:02.577 [Test worker] DEBUG org.apache.http.headers - << Content-Type: text/xml; charset=utf-8
11:17:02.577 [Test worker] DEBUG org.apache.http.impl.client.DefaultHttpClient - Connection can be kept alive indefinitely
11:17:02.578 [Test worker] DEBUG io.restassured.internal.RequestSpecificationImpl$RestAssuredHttpBuilder - Parsing response as: text/xml; charset=utf-8
11:17:02.579 [Test worker] DEBUG io.restassured.internal.RequestSpecificationImpl$RestAssuredHttpBuilder - Parsed data to instance of: class org.apache.http.conn.EofSensorInputStream
11:17:02.581 [Test worker] DEBUG org.apache.http.wire -  << "006e[\r][\n]"
11:17:02.582 [Test worker] DEBUG org.apache.http.wire -  << "<?xml version='1.0' encoding='UTF-8'?><S:Envelope xmlns:S="http://schemas.xmlsoap.org/soap/envelope/"><S:Body>"
11:17:02.582 [Test worker] DEBUG org.apache.http.wire -  << "[\r][\n]"
11:17:02.582 [Test worker] DEBUG org.apache.http.wire -  << "01f8[\r][\n]"
11:17:02.582 [Test worker] DEBUG org.apache.http.wire -  << "<ns4:queryCustomerInfoResponse xmlns:ns2="http://www.huawei.com/bme/cbsinterface/bccommon" xmlns:ns3="http://www.huawei.com/bme/cbsinterface/bcservices" xmlns:ns4="http://ws.web.gatewaycbs.tigo.com.co/" xmlns:ns5="http://www.huawei.com/bme/cbsinterface/cbscommon"><return><ResultHeader><ns5:Version>1</ns5:Version><ns5:ResultCode>118030260</ns5:ResultCode><ns5:ResultDesc>Subscriber 3046008587 does not exist.</ns5:ResultDesc></ResultHeader></return></ns4:queryCustomerInfoResponse></S:Body></S:Envelope>"
11:17:02.582 [Test worker] DEBUG org.apache.http.wire -  << "[\r][\n]"
11:17:02.582 [Test worker] DEBUG org.apache.http.wire -  << "0000[\r][\n]"
11:17:02.582 [Test worker] DEBUG org.apache.http.wire -  << "[\r][\n]"
11:17:02.582 [Test worker] DEBUG org.apache.http.impl.conn.BasicClientConnectionManager - Releasing connection org.apache.http.impl.conn.ManagedClientConnectionImpl@1b318595
11:17:02.583 [Test worker] DEBUG org.apache.http.impl.conn.BasicClientConnectionManager - Connection can be kept alive indefinitely
La linea 3046008587 no esta activa
10.69.60.87
se ejecuta correctamente DB Activator
se ejecuta correctamente  DB EPOS
se ejecuta correctamente DB Siebel
11:17:07.872 [Finalizer] DEBUG org.apache.http.impl.conn.DefaultClientConnection - Connection 0.0.0.0:63899<->10.65.45.12:9001 closed
11:17:07.875 [Finalizer] DEBUG org.apache.http.impl.conn.DefaultClientConnection - Connection 0.0.0.0:63883<->10.65.45.12:9001 closed
se ejecuta correctamente DB Postale
**** Se ejecutaran los SP para semilla 3 ****
se ejecuta correctamente DB Activator
se ejecuta correctamente  DB EPOS
se ejecuta correctamente DB Siebel
se ejecuta correctamente DB Postale
11:17:14.525 [Test worker] INFO net.serenitybdd.core.webdriver.driverproviders.ProvideNewDriver - Instantiating driver
11:17:14.525 [Test worker] INFO net.serenitybdd.core.webdriver.driverproviders.ProvideNewDriver - Driver capabilities: Capabilities {acceptInsecureCerts: true, browserName: firefox, firefox_profile: org.openqa.selenium.firefox..., headless: false, loggingPrefs: org.openqa.selenium.logging..., marionette: true, moz:firefoxOptions: {}, platform: ANY, version: }
11:17:23.111 [Test worker] DEBUG net.serenitybdd.core.photography.Darkroom - Opening darkroom
11:17:23.113 [Darkroom Processing Line] DEBUG net.serenitybdd.core.photography.DarkroomProcessingLine - Darkroom processing line starting up
11:17:23.367 [Test worker] DEBUG net.serenitybdd.core.photography.Darkroom - Send negative for processing for C:\SanitySemilla6\target\site\serenity\63694f168e36d6146328aa1c799046950a4537e9d67c87bc68807b754e4488e8.png
11:17:24.099 [Test worker] DEBUG net.serenitybdd.core.photography.Darkroom - Send negative for processing for C:\SanitySemilla6\target\site\serenity\d7225d4beca8b4af4de9c07b3983ba90e05195eaab2618243e24e78c19d7dde1.png
11:17:27.011 [Test worker] DEBUG net.serenitybdd.core.photography.Darkroom - Send negative for processing for C:\SanitySemilla6\target\site\serenity\fb1aca9f18814eff775b449fdf33ca3e42cbffe4e06ae53b8ef0ea558b631693.png
11:17:27.015 [Darkroom Processing Line] DEBUG net.serenitybdd.core.photography.DarkroomProcessingLine - Processing screenshot image in /var/screenshots/screenshot-464384347868872575
11:17:27.015 [Darkroom Processing Line] DEBUG net.serenitybdd.core.photography.DarkroomProcessingLine - Saving screenshot to C:\SanitySemilla6\target\site\serenity\fb1aca9f18814eff775b449fdf33ca3e42cbffe4e06ae53b8ef0ea558b631693.png
11:17:27.155 [Test worker] DEBUG net.serenitybdd.core.photography.Darkroom - Send negative for processing for C:\SanitySemilla6\target\site\serenity\fb1aca9f18814eff775b449fdf33ca3e42cbffe4e06ae53b8ef0ea558b631693.png
11:17:29.386 [Test worker] DEBUG net.serenitybdd.core.photography.Darkroom - Send negative for processing for C:\SanitySemilla6\target\site\serenity\42ac43bbfd3f05ddbca061e13a99585cb4757d4f560c4381d6c4dcb6548ba695.png
11:17:29.390 [Darkroom Processing Line] DEBUG net.serenitybdd.core.photography.DarkroomProcessingLine - Processing screenshot image in /var/screenshots/screenshot-7361070665155172536
11:17:29.390 [Darkroom Processing Line] DEBUG net.serenitybdd.core.photography.DarkroomProcessingLine - Saving screenshot to C:\SanitySemilla6\target\site\serenity\42ac43bbfd3f05ddbca061e13a99585cb4757d4f560c4381d6c4dcb6548ba695.png
11:17:30.214 [Test worker] DEBUG net.serenitybdd.core.photography.Darkroom - Send negative for processing for C:\SanitySemilla6\target\site\serenity\bc81cf131c0ac606060864512bf9f0aabc0dfc4f82f8db3bfe8452da7ce03ac4.png
11:17:30.216 [Darkroom Processing Line] DEBUG net.serenitybdd.core.photography.DarkroomProcessingLine - Processing screenshot image in /var/screenshots/screenshot-8621207125714898570
11:17:30.217 [Darkroom Processing Line] DEBUG net.serenitybdd.core.photography.DarkroomProcessingLine - Saving screenshot to C:\SanitySemilla6\target\site\serenity\bc81cf131c0ac606060864512bf9f0aabc0dfc4f82f8db3bfe8452da7ce03ac4.png
11:17:31.393 [Test worker] DEBUG net.serenitybdd.core.photography.Darkroom - Send negative for processing for C:\SanitySemilla6\target\site\serenity\be64276f6e2dae61bdefacdcaa94223903c616918436f64780e008c1320436e1.png
11:17:31.395 [Darkroom Processing Line] DEBUG net.serenitybdd.core.photography.DarkroomProcessingLine - Processing screenshot image in /var/screenshots/screenshot-1053998122587294716
11:17:31.395 [Darkroom Processing Line] DEBUG net.serenitybdd.core.photography.DarkroomProcessingLine - Saving screenshot to C:\SanitySemilla6\target\site\serenity\be64276f6e2dae61bdefacdcaa94223903c616918436f64780e008c1320436e1.png
11:17:32.532 [Test worker] DEBUG net.serenitybdd.core.photography.Darkroom - Send negative for processing for C:\SanitySemilla6\target\site\serenity\6744043aa97981419de63fbf8dba4fd267ccd4c6481891f3fed188f9aa94970e.png
11:17:32.537 [Darkroom Processing Line] DEBUG net.serenitybdd.core.photography.DarkroomProcessingLine - Processing screenshot image in /var/screenshots/screenshot-3030217988820421337
11:17:32.537 [Darkroom Processing Line] DEBUG net.serenitybdd.core.photography.DarkroomProcessingLine - Saving screenshot to C:\SanitySemilla6\target\site\serenity\6744043aa97981419de63fbf8dba4fd267ccd4c6481891f3fed188f9aa94970e.png
11:17:33.896 [Test worker] DEBUG net.serenitybdd.core.photography.Darkroom - Send negative for processing for C:\SanitySemilla6\target\site\serenity\df06d498fb821ecafe9b8754d9518610dacf22b9fbfad34c4f3dda32a5fe1ec0.png
11:17:33.899 [Darkroom Processing Line] DEBUG net.serenitybdd.core.photography.DarkroomProcessingLine - Processing screenshot image in /var/screenshots/screenshot-4208797687606085595
11:17:33.899 [Darkroom Processing Line] DEBUG net.serenitybdd.core.photography.DarkroomProcessingLine - Saving screenshot to C:\SanitySemilla6\target\site\serenity\df06d498fb821ecafe9b8754d9518610dacf22b9fbfad34c4f3dda32a5fe1ec0.png
11:17:37.073 [Test worker] DEBUG net.serenitybdd.core.photography.Darkroom - Send negative for processing for C:\SanitySemilla6\target\site\serenity\41f9f55210a8af4fe454991d8d57f38abfb0c65b232f30ec7cca8fee3a405c41.png
11:17:37.076 [Darkroom Processing Line] DEBUG net.serenitybdd.core.photography.DarkroomProcessingLine - Processing screenshot image in /var/screenshots/screenshot-9089577166178429927
11:17:37.076 [Darkroom Processing Line] DEBUG net.serenitybdd.core.photography.DarkroomProcessingLine - Saving screenshot to C:\SanitySemilla6\target\site\serenity\41f9f55210a8af4fe454991d8d57f38abfb0c65b232f30ec7cca8fee3a405c41.png
11:17:38.138 [Test worker] DEBUG net.serenitybdd.core.photography.Darkroom - Send negative for processing for C:\SanitySemilla6\target\site\serenity\82e6398f23c9c8f55fa8674b53c63e10855c485cb0104324c454a3e33b4e1c26.png
11:17:38.144 [Darkroom Processing Line] DEBUG net.serenitybdd.core.photography.DarkroomProcessingLine - Processing screenshot image in /var/screenshots/screenshot-3092009012472288738
11:17:38.144 [Darkroom Processing Line] DEBUG net.serenitybdd.core.photography.DarkroomProcessingLine - Saving screenshot to C:\SanitySemilla6\target\site\serenity\82e6398f23c9c8f55fa8674b53c63e10855c485cb0104324c454a3e33b4e1c26.png
11:17:41.022 [Test worker] DEBUG net.serenitybdd.core.photography.Darkroom - Send negative for processing for C:\SanitySemilla6\target\site\serenity\f53ef12af4097d2f175defb44d00bb67599d2d8811fb965e1a8772c5ad0593ae.png
11:17:41.025 [Darkroom Processing Line] DEBUG net.serenitybdd.core.photography.DarkroomProcessingLine - Processing screenshot image in /var/screenshots/screenshot-6120449802897092619
11:17:41.025 [Darkroom Processing Line] DEBUG net.serenitybdd.core.photography.DarkroomProcessingLine - Saving screenshot to C:\SanitySemilla6\target\site\serenity\f53ef12af4097d2f175defb44d00bb67599d2d8811fb965e1a8772c5ad0593ae.png
11:17:45.951 [Test worker] DEBUG net.serenitybdd.core.photography.Darkroom - Send negative for processing for C:\SanitySemilla6\target\site\serenity\69ba0bd0bbcbb6d1639d7ce70f7bc596ff14ce242a5a20f19f35a7aa28c4e285.png
11:17:45.954 [Darkroom Processing Line] DEBUG net.serenitybdd.core.photography.DarkroomProcessingLine - Processing screenshot image in /var/screenshots/screenshot-3149121492657061696
11:17:45.954 [Darkroom Processing Line] DEBUG net.serenitybdd.core.photography.DarkroomProcessingLine - Saving screenshot to C:\SanitySemilla6\target\site\serenity\69ba0bd0bbcbb6d1639d7ce70f7bc596ff14ce242a5a20f19f35a7aa28c4e285.png
11:17:49.632 [Test worker] INFO net.thucydides.core.steps.ConsoleLoggingListener - ?[92m
        __    _____ _____ ____ _____   ____   _    ____  ____  _____ ____  
  _     \ \  |_   _| ____/ ___|_   _| |  _ \ / \  / ___|/ ___|| ____|  _ \ 
 (_)_____| |   | | |  _| \___ \ | |   | |_) / _ \ \___ \\___ \|  _| | | | |
  _|_____| |   | | | |___ ___) || |   |  __/ ___ \ ___) |___) | |___| |_| |
 (_)     | |   |_| |_____|____/ |_|   |_| /_/   \_\____/|____/|_____|____/ 
        /_/                                                                

TEST PASSED: se quiere ingresar a la plataforma epos
----------------------------------------------------------------------------?[0m
11:17:50.110 [Test worker] INFO net.serenitybdd.core.webdriver.driverproviders.ProvideNewDriver - Instantiating driver
11:17:50.110 [Test worker] INFO net.serenitybdd.core.webdriver.driverproviders.ProvideNewDriver - Driver capabilities: Capabilities {acceptInsecureCerts: true, browserName: firefox, firefox_profile: org.openqa.selenium.firefox..., headless: false, loggingPrefs: org.openqa.selenium.logging..., marionette: true, moz:firefoxOptions: {}, platform: ANY, version: }
11:17:57.415 [Test worker] DEBUG net.serenitybdd.core.photography.Darkroom - Send negative for processing for C:\SanitySemilla6\target\site\serenity\63694f168e36d6146328aa1c799046950a4537e9d67c87bc68807b754e4488e8.png
11:17:58.024 [Test worker] DEBUG net.serenitybdd.core.photography.Darkroom - Send negative for processing for C:\SanitySemilla6\target\site\serenity\d7225d4beca8b4af4de9c07b3983ba90e05195eaab2618243e24e78c19d7dde1.png
11:18:00.672 [Test worker] DEBUG net.serenitybdd.core.photography.Darkroom - Send negative for processing for C:\SanitySemilla6\target\site\serenity\fb1aca9f18814eff775b449fdf33ca3e42cbffe4e06ae53b8ef0ea558b631693.png
11:18:08.322 [Test worker] DEBUG net.serenitybdd.core.photography.Darkroom - Send negative for processing for C:\SanitySemilla6\target\site\serenity\0527a91450ff8b57c7c034077ceea7540465017385d6cc5763da4869016deef5.png
11:18:08.324 [Darkroom Processing Line] DEBUG net.serenitybdd.core.photography.DarkroomProcessingLine - Processing screenshot image in /var/screenshots/screenshot-3464299982093930263
11:18:08.324 [Darkroom Processing Line] DEBUG net.serenitybdd.core.photography.DarkroomProcessingLine - Saving screenshot to C:\SanitySemilla6\target\site\serenity\0527a91450ff8b57c7c034077ceea7540465017385d6cc5763da4869016deef5.png
11:18:12.336 [Test worker] DEBUG net.serenitybdd.core.photography.Darkroom - Send negative for processing for C:\SanitySemilla6\target\site\serenity\be43a7b4222e4643354cd9f877af0830e856372c8236f7e2999c34ef28afecbe.png
11:18:12.339 [Darkroom Processing Line] DEBUG net.serenitybdd.core.photography.DarkroomProcessingLine - Processing screenshot image in /var/screenshots/screenshot-6836711888175258677
11:18:12.339 [Darkroom Processing Line] DEBUG net.serenitybdd.core.photography.DarkroomProcessingLine - Saving screenshot to C:\SanitySemilla6\target\site\serenity\be43a7b4222e4643354cd9f877af0830e856372c8236f7e2999c34ef28afecbe.png
11:18:16.516 [Test worker] DEBUG net.serenitybdd.core.photography.Darkroom - Send negative for processing for C:\SanitySemilla6\target\site\serenity\aba9bab4ab54e0504b8b24f69299e01a6d621d35b55a854887fc24b03c44309c.png
11:18:16.519 [Darkroom Processing Line] DEBUG net.serenitybdd.core.photography.DarkroomProcessingLine - Processing screenshot image in /var/screenshots/screenshot-5221951310101544412
11:18:16.519 [Darkroom Processing Line] DEBUG net.serenitybdd.core.photography.DarkroomProcessingLine - Saving screenshot to C:\SanitySemilla6\target\site\serenity\aba9bab4ab54e0504b8b24f69299e01a6d621d35b55a854887fc24b03c44309c.png
11:18:17.752 [Test worker] DEBUG net.serenitybdd.core.photography.Darkroom - Send negative for processing for C:\SanitySemilla6\target\site\serenity\9a4059dd227a7b85548fc7c10e35066395db87fd93a4307c75c47163a0b82474.png
11:18:17.754 [Darkroom Processing Line] DEBUG net.serenitybdd.core.photography.DarkroomProcessingLine - Processing screenshot image in /var/screenshots/screenshot-659064695355761614
11:18:17.755 [Darkroom Processing Line] DEBUG net.serenitybdd.core.photography.DarkroomProcessingLine - Saving screenshot to C:\SanitySemilla6\target\site\serenity\9a4059dd227a7b85548fc7c10e35066395db87fd93a4307c75c47163a0b82474.png
11:18:18.874 [Test worker] DEBUG net.serenitybdd.core.photography.Darkroom - Send negative for processing for C:\SanitySemilla6\target\site\serenity\82ff127536079cf3b2e975d8f629f7146587b5fd1ecc523c117e6d2c7bdedbe0.png
11:18:18.876 [Darkroom Processing Line] DEBUG net.serenitybdd.core.photography.DarkroomProcessingLine - Processing screenshot image in /var/screenshots/screenshot-8805423051057310914
11:18:18.877 [Darkroom Processing Line] DEBUG net.serenitybdd.core.photography.DarkroomProcessingLine - Saving screenshot to C:\SanitySemilla6\target\site\serenity\82ff127536079cf3b2e975d8f629f7146587b5fd1ecc523c117e6d2c7bdedbe0.png
11:18:20.764 [Test worker] DEBUG net.serenitybdd.core.photography.Darkroom - Send negative for processing for C:\SanitySemilla6\target\site\serenity\4cca99d31fd59f0ccf3fd3e0217ce957a3be8fa90453a33b4aefacd855d4d0d1.png
11:18:20.766 [Darkroom Processing Line] DEBUG net.serenitybdd.core.photography.DarkroomProcessingLine - Processing screenshot image in /var/screenshots/screenshot-5204684070284688326
11:18:20.767 [Darkroom Processing Line] DEBUG net.serenitybdd.core.photography.DarkroomProcessingLine - Saving screenshot to C:\SanitySemilla6\target\site\serenity\4cca99d31fd59f0ccf3fd3e0217ce957a3be8fa90453a33b4aefacd855d4d0d1.png
11:18:21.909 [Test worker] DEBUG net.serenitybdd.core.photography.Darkroom - Send negative for processing for C:\SanitySemilla6\target\site\serenity\5871109e5bd516062ccaac20d18e0c6705dd3ff2dea8df9f0c2a243cbb69f497.png
11:18:21.912 [Darkroom Processing Line] DEBUG net.serenitybdd.core.photography.DarkroomProcessingLine - Processing screenshot image in /var/screenshots/screenshot-895273081347677937
11:18:21.913 [Darkroom Processing Line] DEBUG net.serenitybdd.core.photography.DarkroomProcessingLine - Saving screenshot to C:\SanitySemilla6\target\site\serenity\5871109e5bd516062ccaac20d18e0c6705dd3ff2dea8df9f0c2a243cbb69f497.png
11:18:25.944 [Test worker] DEBUG net.serenitybdd.core.photography.Darkroom - Send negative for processing for C:\SanitySemilla6\target\site\serenity\af045d63479c09868dc61afa429bdb692fc58f350c0dd72a315b7a7116b05f93.png
11:18:25.947 [Darkroom Processing Line] DEBUG net.serenitybdd.core.photography.DarkroomProcessingLine - Processing screenshot image in /var/screenshots/screenshot-7332566347817747738
11:18:25.947 [Darkroom Processing Line] DEBUG net.serenitybdd.core.photography.DarkroomProcessingLine - Saving screenshot to C:\SanitySemilla6\target\site\serenity\af045d63479c09868dc61afa429bdb692fc58f350c0dd72a315b7a7116b05f93.png
11:18:26.838 [Test worker] DEBUG net.serenitybdd.core.photography.Darkroom - Send negative for processing for C:\SanitySemilla6\target\site\serenity\ed4d0a9519f6c3961c0a978d67d8794f3e2607202b1ec38cbd4e00c8e533bb23.png
11:18:26.841 [Darkroom Processing Line] DEBUG net.serenitybdd.core.photography.DarkroomProcessingLine - Processing screenshot image in /var/screenshots/screenshot-3004199361337374754
11:18:26.841 [Darkroom Processing Line] DEBUG net.serenitybdd.core.photography.DarkroomProcessingLine - Saving screenshot to C:\SanitySemilla6\target\site\serenity\ed4d0a9519f6c3961c0a978d67d8794f3e2607202b1ec38cbd4e00c8e533bb23.png
11:18:30.542 [Test worker] DEBUG net.serenitybdd.core.photography.Darkroom - Send negative for processing for C:\SanitySemilla6\target\site\serenity\69ba0bd0bbcbb6d1639d7ce70f7bc596ff14ce242a5a20f19f35a7aa28c4e285.png
11:18:30.674 [Test worker] DEBUG net.serenitybdd.core.photography.Darkroom - Send negative for processing for C:\SanitySemilla6\target\site\serenity\69ba0bd0bbcbb6d1639d7ce70f7bc596ff14ce242a5a20f19f35a7aa28c4e285.png
11:18:34.487 [Test worker] INFO net.thucydides.core.steps.ConsoleLoggingListener - ?[92m
        __    _____ _____ ____ _____   ____   _    ____  ____  _____ ____  
  _     \ \  |_   _| ____/ ___|_   _| |  _ \ / \  / ___|/ ___|| ____|  _ \ 
 (_)_____| |   | | |  _| \___ \ | |   | |_) / _ \ \___ \\___ \|  _| | | | |
  _|_____| |   | | | |___ ___) || |   |  __/ ___ \ ___) |___) | |___| |_| |
 (_)     | |   |_| |_____|____/ |_|   |_| /_/   \_\____/|____/|_____|____/ 
        /_/                                                                

TEST PASSED: realizar el cargue de inventario
----------------------------------------------------------------------------?[0m
11:18:56.423 [Test worker] INFO net.thucydides.core.steps.ConsoleLoggingListener - ?[92m
        __    _____ _____ ____ _____   ____   _    ____  ____  _____ ____  
  _     \ \  |_   _| ____/ ___|_   _| |  _ \ / \  / ___|/ ___|| ____|  _ \ 
 (_)_____| |   | | |  _| \___ \ | |   | |_) / _ \ \___ \\___ \|  _| | | | |
  _|_____| |   | | | |___ ___) || |   |  __/ ___ \ ___) |___) | |___| |_| |
 (_)     | |   |_| |_____|____/ |_|   |_| /_/   \_\____/|____/|_____|____/ 
        /_/                                                                

TEST PASSED: realizar la confirmacion de inventario
----------------------------------------------------------------------------?[0m
11:18:57.095 [Test worker] INFO net.serenitybdd.core.webdriver.driverproviders.ProvideNewDriver - Instantiating driver
11:18:57.095 [Test worker] INFO net.serenitybdd.core.webdriver.driverproviders.ProvideNewDriver - Driver capabilities: Capabilities {acceptInsecureCerts: true, browserName: firefox, firefox_profile: org.openqa.selenium.firefox..., headless: false, loggingPrefs: org.openqa.selenium.logging..., marionette: true, moz:firefoxOptions: {}, platform: ANY, version: }
11:19:04.607 [Test worker] DEBUG net.serenitybdd.core.photography.Darkroom - Send negative for processing for C:\SanitySemilla6\target\site\serenity\a7ad07ebe6e740c114c2495d94351287780476ba462e4eef2874693fb3f3547d.png
11:19:04.609 [Darkroom Processing Line] DEBUG net.serenitybdd.core.photography.DarkroomProcessingLine - Processing screenshot image in /var/screenshots/screenshot-7218298429874518618
11:19:04.610 [Darkroom Processing Line] DEBUG net.serenitybdd.core.photography.DarkroomProcessingLine - Saving screenshot to C:\SanitySemilla6\target\site\serenity\a7ad07ebe6e740c114c2495d94351287780476ba462e4eef2874693fb3f3547d.png
11:19:05.275 [Test worker] DEBUG net.serenitybdd.core.photography.Darkroom - Send negative for processing for C:\SanitySemilla6\target\site\serenity\01af2dc72253b4b5639e9cc668921cf7aa200d5c322b7e1d54685cd837c3204d.png
11:19:05.278 [Darkroom Processing Line] DEBUG net.serenitybdd.core.photography.DarkroomProcessingLine - Processing screenshot image in /var/screenshots/screenshot-7490018266389784331
11:19:05.278 [Darkroom Processing Line] DEBUG net.serenitybdd.core.photography.DarkroomProcessingLine - Saving screenshot to C:\SanitySemilla6\target\site\serenity\01af2dc72253b4b5639e9cc668921cf7aa200d5c322b7e1d54685cd837c3204d.png
11:19:12.556 [Test worker] DEBUG net.serenitybdd.core.photography.Darkroom - Send negative for processing for C:\SanitySemilla6\target\site\serenity\d7b6108f9ba3383f693d8d388d74683561ea930155a6c6936bd8d39b6fd9818a.png
Delete siebel.CX_DEVICE_MSISDN - Exitoso
Delete SIEBEL.cx_device_chip - Exitoso
11:19:15.329 [Test worker] DEBUG net.serenitybdd.core.photography.Darkroom - Send negative for processing for C:\SanitySemilla6\target\site\serenity\d7b6108f9ba3383f693d8d388d74683561ea930155a6c6936bd8d39b6fd9818a.png
11:19:16.180 [Test worker] DEBUG net.serenitybdd.core.photography.Darkroom - Send negative for processing for C:\SanitySemilla6\target\site\serenity\2aa0f8b6ff3b24b3a0e188e7ed00d781fec3bd19b25a8bf084a1040875e9cd25.png
11:19:16.182 [Darkroom Processing Line] DEBUG net.serenitybdd.core.photography.DarkroomProcessingLine - Processing screenshot image in /var/screenshots/screenshot-8788010325819045693
11:19:16.183 [Darkroom Processing Line] DEBUG net.serenitybdd.core.photography.DarkroomProcessingLine - Saving screenshot to C:\SanitySemilla6\target\site\serenity\2aa0f8b6ff3b24b3a0e188e7ed00d781fec3bd19b25a8bf084a1040875e9cd25.png
11:19:16.979 [Test worker] DEBUG net.serenitybdd.core.photography.Darkroom - Send negative for processing for C:\SanitySemilla6\target\site\serenity\5f8d06b76e48b22de583fa350a4de1a5128ba7deb693a7eb3a607f1f6ba2109c.png
11:19:16.982 [Darkroom Processing Line] DEBUG net.serenitybdd.core.photography.DarkroomProcessingLine - Processing screenshot image in /var/screenshots/screenshot-3002632049150645680
11:19:16.982 [Darkroom Processing Line] DEBUG net.serenitybdd.core.photography.DarkroomProcessingLine - Saving screenshot to C:\SanitySemilla6\target\site\serenity\5f8d06b76e48b22de583fa350a4de1a5128ba7deb693a7eb3a607f1f6ba2109c.png
11:19:17.775 [Test worker] DEBUG net.serenitybdd.core.photography.Darkroom - Send negative for processing for C:\SanitySemilla6\target\site\serenity\18abb47d7f3ca7a0fe8fd34946dfa5e2720ac88f96c915f205270cace1a1835b.png
11:19:17.779 [Darkroom Processing Line] DEBUG net.serenitybdd.core.photography.DarkroomProcessingLine - Processing screenshot image in /var/screenshots/screenshot-6602071765680787983
11:19:17.779 [Darkroom Processing Line] DEBUG net.serenitybdd.core.photography.DarkroomProcessingLine - Saving screenshot to C:\SanitySemilla6\target\site\serenity\18abb47d7f3ca7a0fe8fd34946dfa5e2720ac88f96c915f205270cace1a1835b.png
11:19:19.356 [Test worker] DEBUG net.serenitybdd.core.photography.Darkroom - Send negative for processing for C:\SanitySemilla6\target\site\serenity\ed42bcde1818a5d808c41b465b513b9eaaf1d20d25123a0e59fff2d8abbe66f5.png
11:19:20.354 [Test worker] DEBUG net.serenitybdd.core.photography.Darkroom - Send negative for processing for C:\SanitySemilla6\target\site\serenity\d13c4854bf13f01425ce448cd9ef7404eb9225deadc02e5b5a9237bb33dca35a.png
11:19:20.359 [Darkroom Processing Line] DEBUG net.serenitybdd.core.photography.DarkroomProcessingLine - Processing screenshot image in /var/screenshots/screenshot-1302725795608052980
11:19:20.360 [Darkroom Processing Line] DEBUG net.serenitybdd.core.photography.DarkroomProcessingLine - Saving screenshot to C:\SanitySemilla6\target\site\serenity\d13c4854bf13f01425ce448cd9ef7404eb9225deadc02e5b5a9237bb33dca35a.png
11:19:25.005 [Test worker] DEBUG net.serenitybdd.core.photography.Darkroom - Send negative for processing for C:\SanitySemilla6\target\site\serenity\524fa86a67dd611e3b566fcc4f6fa6691b36a502d9dacfb685e307e1790b8feb.png
11:19:25.814 [Test worker] DEBUG net.serenitybdd.core.photography.Darkroom - Send negative for processing for C:\SanitySemilla6\target\site\serenity\5abd507e145fbd8e2415d19cc508842ba07d599a01fe691729c42341658725c9.png
11:19:25.817 [Darkroom Processing Line] DEBUG net.serenitybdd.core.photography.DarkroomProcessingLine - Processing screenshot image in /var/screenshots/screenshot-8347629289385960313
11:19:25.817 [Darkroom Processing Line] DEBUG net.serenitybdd.core.photography.DarkroomProcessingLine - Saving screenshot to C:\SanitySemilla6\target\site\serenity\5abd507e145fbd8e2415d19cc508842ba07d599a01fe691729c42341658725c9.png
11:19:26.596 [Test worker] DEBUG net.serenitybdd.core.photography.Darkroom - Send negative for processing for C:\SanitySemilla6\target\site\serenity\188c70fdc32104a3ef98e9d6279b846e6e8b3051f88fd9cd418e18153a680d4b.png
11:19:26.599 [Darkroom Processing Line] DEBUG net.serenitybdd.core.photography.DarkroomProcessingLine - Processing screenshot image in /var/screenshots/screenshot-3626886203234728768
11:19:26.599 [Darkroom Processing Line] DEBUG net.serenitybdd.core.photography.DarkroomProcessingLine - Saving screenshot to C:\SanitySemilla6\target\site\serenity\188c70fdc32104a3ef98e9d6279b846e6e8b3051f88fd9cd418e18153a680d4b.png
11:19:27.438 [Test worker] DEBUG net.serenitybdd.core.photography.Darkroom - Send negative for processing for C:\SanitySemilla6\target\site\serenity\90821981c55466d6599e5b5dfbf94a1a0f732bbd7fd57cb4a855518fa12bd4d1.png
11:19:27.441 [Darkroom Processing Line] DEBUG net.serenitybdd.core.photography.DarkroomProcessingLine - Processing screenshot image in /var/screenshots/screenshot-3055454689361237178
11:19:27.441 [Darkroom Processing Line] DEBUG net.serenitybdd.core.photography.DarkroomProcessingLine - Saving screenshot to C:\SanitySemilla6\target\site\serenity\90821981c55466d6599e5b5dfbf94a1a0f732bbd7fd57cb4a855518fa12bd4d1.png
11:19:28.533 [Test worker] DEBUG net.serenitybdd.core.photography.Darkroom - Send negative for processing for C:\SanitySemilla6\target\site\serenity\ec202ffa81980fc2480d044a320548e191d85db7f2fb88a87a11f3a18be77249.png
11:19:28.537 [Darkroom Processing Line] DEBUG net.serenitybdd.core.photography.DarkroomProcessingLine - Processing screenshot image in /var/screenshots/screenshot-3652058582417736475
11:19:28.537 [Darkroom Processing Line] DEBUG net.serenitybdd.core.photography.DarkroomProcessingLine - Saving screenshot to C:\SanitySemilla6\target\site\serenity\ec202ffa81980fc2480d044a320548e191d85db7f2fb88a87a11f3a18be77249.png
11:19:29.496 [Test worker] DEBUG net.serenitybdd.core.photography.Darkroom - Send negative for processing for C:\SanitySemilla6\target\site\serenity\ba9f566dd7b40cd0b4ee72aeae6aac869ee88d760281548d685bdde7fdfad366.png
11:19:29.498 [Darkroom Processing Line] DEBUG net.serenitybdd.core.photography.DarkroomProcessingLine - Processing screenshot image in /var/screenshots/screenshot-5524231042220508369
11:19:29.498 [Darkroom Processing Line] DEBUG net.serenitybdd.core.photography.DarkroomProcessingLine - Saving screenshot to C:\SanitySemilla6\target\site\serenity\ba9f566dd7b40cd0b4ee72aeae6aac869ee88d760281548d685bdde7fdfad366.png
*****************************************************************************
Las solicitudes se procesaron exitosamente.
*****************************************************************************
3046008600
Update PIN_REQUEST_ACEPTADO - Exitoso

11:19:32.204 [Test worker] DEBUG net.serenitybdd.core.photography.Darkroom - Send negative for processing for C:\SanitySemilla6\target\site\serenity\35a9977dc816b9158eebd9e08cd08b4d0a6173c5bc1e0d85951ca4495ce65c16.png
11:19:32.212 [Darkroom Processing Line] DEBUG net.serenitybdd.core.photography.DarkroomProcessingLine - Processing screenshot image in /var/screenshots/screenshot-3172579838424112282
11:19:32.212 [Darkroom Processing Line] DEBUG net.serenitybdd.core.photography.DarkroomProcessingLine - Saving screenshot to C:\SanitySemilla6\target\site\serenity\35a9977dc816b9158eebd9e08cd08b4d0a6173c5bc1e0d85951ca4495ce65c16.png
11:19:35.773 [Test worker] DEBUG net.serenitybdd.core.photography.Darkroom - Send negative for processing for C:\SanitySemilla6\target\site\serenity\d23865b1b135ab4bc58f7d7643ca8dbc01b8647008b9476d8a51c32b077acde5.png
11:19:35.776 [Darkroom Processing Line] DEBUG net.serenitybdd.core.photography.DarkroomProcessingLine - Processing screenshot image in /var/screenshots/screenshot-7490876876972248436
11:19:35.776 [Darkroom Processing Line] DEBUG net.serenitybdd.core.photography.DarkroomProcessingLine - Saving screenshot to C:\SanitySemilla6\target\site\serenity\d23865b1b135ab4bc58f7d7643ca8dbc01b8647008b9476d8a51c32b077acde5.png
11:19:36.590 [Test worker] DEBUG net.serenitybdd.core.photography.Darkroom - Send negative for processing for C:\SanitySemilla6\target\site\serenity\8970a87f78625e2b6d1ad27d5d4ef0a5375f6dfcda8e204decc7d4f64c4a1bef.png
11:19:36.593 [Darkroom Processing Line] DEBUG net.serenitybdd.core.photography.DarkroomProcessingLine - Processing screenshot image in /var/screenshots/screenshot-6046761656426343082
11:19:36.594 [Darkroom Processing Line] DEBUG net.serenitybdd.core.photography.DarkroomProcessingLine - Saving screenshot to C:\SanitySemilla6\target\site\serenity\8970a87f78625e2b6d1ad27d5d4ef0a5375f6dfcda8e204decc7d4f64c4a1bef.png
11:19:37.393 [Test worker] DEBUG net.serenitybdd.core.photography.Darkroom - Send negative for processing for C:\SanitySemilla6\target\site\serenity\2b3002ce10738f7c082eb392bc20a30e7d056adf30f6195ccddbaaddd5d341ff.png
11:19:37.396 [Darkroom Processing Line] DEBUG net.serenitybdd.core.photography.DarkroomProcessingLine - Processing screenshot image in /var/screenshots/screenshot-4926248299742044267
11:19:37.396 [Darkroom Processing Line] DEBUG net.serenitybdd.core.photography.DarkroomProcessingLine - Saving screenshot to C:\SanitySemilla6\target\site\serenity\2b3002ce10738f7c082eb392bc20a30e7d056adf30f6195ccddbaaddd5d341ff.png
11:19:38.203 [Test worker] DEBUG net.serenitybdd.core.photography.Darkroom - Send negative for processing for C:\SanitySemilla6\target\site\serenity\2e6a72a8c18c408c93ae8b23ba8b65f91b5fdb3d3f26f30e1d78854e2555dc23.png
11:19:38.207 [Darkroom Processing Line] DEBUG net.serenitybdd.core.photography.DarkroomProcessingLine - Processing screenshot image in /var/screenshots/screenshot-6444384615788225587
11:19:38.208 [Darkroom Processing Line] DEBUG net.serenitybdd.core.photography.DarkroomProcessingLine - Saving screenshot to C:\SanitySemilla6\target\site\serenity\2e6a72a8c18c408c93ae8b23ba8b65f91b5fdb3d3f26f30e1d78854e2555dc23.png
11:19:41.263 [Test worker] DEBUG net.serenitybdd.core.photography.Darkroom - Send negative for processing for C:\SanitySemilla6\target\site\serenity\922a7b52a08b0a320aec855fab07533ea2446caada35c7860cc8758dc14ee0a0.png
[...]
11:22:36.496 [Test worker] DEBUG org.apache.http.wire -  >> "<urn:MessageTimeStamp>2022-03-08T05:43:10.021-05:00</urn:MessageTimeStamp>[\n]"
11:22:36.496 [Test worker] DEBUG org.apache.http.wire -  >> "<urn:LSAID>101</urn:LSAID>[\n]"
11:22:36.496 [Test worker] DEBUG org.apache.http.wire -  >> "<urn:OperatorTrxID>1658420506337</urn:OperatorTrxID>[\n]"
11:22:36.496 [Test worker] DEBUG org.apache.http.wire -  >> "<urn:NPTrxID>08600</urn:NPTrxID>[\n]"
11:22:36.496 [Test worker] DEBUG org.apache.http.wire -  >> "<urn:ClearingHouseID>1</urn:ClearingHouseID>[\n]"
11:22:36.496 [Test worker] DEBUG org.apache.http.wire -  >> "</urn:MessageHeader><urn:MessageContent>[\n]"
11:22:36.496 [Test worker] DEBUG org.apache.http.wire -  >> "<urn:GenServiceActivationRequest>[\n]"
11:22:36.496 [Test worker] DEBUG org.apache.http.wire -  >> "<urn:TNList>[\n]"
11:22:36.496 [Test worker] DEBUG org.apache.http.wire -  >> "<urn:NumberFrom>3046008600</urn:NumberFrom>[\n]"
11:22:36.496 [Test worker] DEBUG org.apache.http.wire -  >> "<urn:NumberTo>3046008600</urn:NumberTo>[\n]"
11:22:36.496 [Test worker] DEBUG org.apache.http.wire -  >> "<urn:PortID>00002201108240108600</urn:PortID>[\n]"
11:22:36.496 [Test worker] DEBUG org.apache.http.wire -  >> "</urn:TNList>[\n]"
11:22:36.496 [Test worker] DEBUG org.apache.http.wire -  >> "<urn:DonorID>104</urn:DonorID>[\n]"
11:22:36.496 [Test worker] DEBUG org.apache.http.wire -  >> "<urn:RecipientID>102</urn:RecipientID>[\n]"
11:22:36.496 [Test worker] DEBUG org.apache.http.wire -  >> "</urn:GenServiceActivationRequest>[\n]"
11:22:36.496 [Test worker] DEBUG org.apache.http.wire -  >> "</urn:MessageContent>[\n]"
11:22:36.496 [Test worker] DEBUG org.apache.http.wire -  >> "</urn:GenericNPMessage>]]]]><![CDATA[></inputXML>[\n]"
11:22:36.496 [Test worker] DEBUG org.apache.http.wire -  >> "</npc:processRequest>[\n]"
11:22:36.496 [Test worker] DEBUG org.apache.http.wire -  >> "</soapenv:Body>[\n]"
11:22:36.496 [Test worker] DEBUG org.apache.http.wire -  >> "</soapenv:Envelope>"
11:22:36.605 [Test worker] DEBUG org.apache.http.wire -  << "HTTP/1.1 200 OK[\r][\n]"
11:22:36.607 [Test worker] DEBUG org.apache.http.wire -  << "Server: Apache-Coyote/1.1[\r][\n]"
11:22:36.607 [Test worker] DEBUG org.apache.http.wire -  << "X-Powered-By: Servlet 2.4; JBoss-4.2.3.GA (build: SVNTag=JBoss_4_2_3_GA date=200807181417)/JBossWeb-2.0[\r][\n]"
11:22:36.607 [Test worker] DEBUG org.apache.http.wire -  << "Content-Type: text/xml;charset=UTF-8[\r][\n]"
11:22:36.607 [Test worker] DEBUG org.apache.http.wire -  << "Transfer-Encoding: chunked[\r][\n]"
11:22:36.607 [Test worker] DEBUG org.apache.http.wire -  << "Date: Thu, 21 Jul 2022 16:23:20 GMT[\r][\n]"
11:22:36.607 [Test worker] DEBUG org.apache.http.wire -  << "[\r][\n]"
11:22:36.607 [Test worker] DEBUG org.apache.http.impl.conn.DefaultClientConnection - Receiving response: HTTP/1.1 200 OK
11:22:36.607 [Test worker] DEBUG org.apache.http.headers - << HTTP/1.1 200 OK
11:22:36.607 [Test worker] DEBUG org.apache.http.headers - << Server: Apache-Coyote/1.1
11:22:36.607 [Test worker] DEBUG org.apache.http.headers - << X-Powered-By: Servlet 2.4; JBoss-4.2.3.GA (build: SVNTag=JBoss_4_2_3_GA date=200807181417)/JBossWeb-2.0
11:22:36.607 [Test worker] DEBUG org.apache.http.headers - << Content-Type: text/xml;charset=UTF-8
11:22:36.607 [Test worker] DEBUG org.apache.http.headers - << Transfer-Encoding: chunked
11:22:36.607 [Test worker] DEBUG org.apache.http.headers - << Date: Thu, 21 Jul 2022 16:23:20 GMT
11:22:36.607 [Test worker] DEBUG org.apache.http.impl.client.DefaultHttpClient - Connection can be kept alive indefinitely
11:22:36.608 [Test worker] DEBUG io.restassured.internal.RequestSpecificationImpl$RestAssuredHttpBuilder - Parsing response as: text/xml;charset=UTF-8
11:22:36.608 [Test worker] DEBUG io.restassured.internal.RequestSpecificationImpl$RestAssuredHttpBuilder - Parsed data to instance of: class org.apache.http.conn.EofSensorInputStream
11:22:36.610 [Test worker] DEBUG org.apache.http.wire -  << "ef[\r][\n]"
11:22:36.610 [Test worker] DEBUG org.apache.http.wire -  << "<env:Envelope xmlns:env='http://schemas.xmlsoap.org/soap/envelope/'><env:Header></env:Header><env:Body><ns1:processRequestResponse xmlns:ns1="http://NPCRMWS.hp.com/"><return>0</return></ns1:processRequestResponse></env:Body></env:Envelope>"
11:22:36.610 [Test worker] DEBUG org.apache.http.wire -  << "[\r][\n]"
11:22:36.620 [Test worker] DEBUG org.apache.http.wire -  << "0[\r][\n]"
11:22:36.620 [Test worker] DEBUG org.apache.http.wire -  << "[\r][\n]"
11:22:36.621 [Test worker] DEBUG org.apache.http.impl.conn.BasicClientConnectionManager - Releasing connection org.apache.http.impl.conn.ManagedClientConnectionImpl@413acb2b
11:22:36.621 [Test worker] DEBUG org.apache.http.impl.conn.BasicClientConnectionManager - Connection can be kept alive indefinitely
null
null
null
11:22:37.150 [Test worker] DEBUG net.serenitybdd.core.photography.Darkroom - Send negative for processing for C:\SanitySemilla6\target\site\serenity\1bfba209fd916174a38ce5be9b3da2de9f6ca4de3c6d81c017419c22aa0fc1f4.png
conexion iniciada
comando ejecutado
comando no logro ejecucion
comando no ejecutado
comando no ejecutado
comando no ejecutado
11:22:37.978 [Finalizer] DEBUG org.apache.http.impl.conn.DefaultClientConnection - Connection 0.0.0.0:64218<->10.69.60.74:8080 closed
11:22:38.098 [Test worker] DEBUG net.serenitybdd.core.photography.Darkroom - Send negative for processing for C:\SanitySemilla6\target\site\serenity\1bfba209fd916174a38ce5be9b3da2de9f6ca4de3c6d81c017419c22aa0fc1f4.png
11:22:41.487 [Test worker] DEBUG net.serenitybdd.core.photography.Darkroom - Send negative for processing for C:\SanitySemilla6\target\site\serenity\6a043fc8fbb68b07351c499291394c88cc0de5bd2a49cefb7bcf6dccb85bf29f.png
11:22:41.489 [Darkroom Processing Line] DEBUG net.serenitybdd.core.photography.DarkroomProcessingLine - Processing screenshot image in /var/screenshots/screenshot-8582018632976865744
11:22:41.489 [Darkroom Processing Line] DEBUG net.serenitybdd.core.photography.DarkroomProcessingLine - Saving screenshot to C:\SanitySemilla6\target\site\serenity\6a043fc8fbb68b07351c499291394c88cc0de5bd2a49cefb7bcf6dccb85bf29f.png
11:23:27.293 [Test worker] DEBUG net.serenitybdd.core.photography.Darkroom - Send negative for processing for C:\SanitySemilla6\target\site\serenity\6a043fc8fbb68b07351c499291394c88cc0de5bd2a49cefb7bcf6dccb85bf29f.png
11:23:30.709 [Test worker] ERROR net.thucydides.core.steps.ConsoleLoggingListener - ?[91m
           __  _____ _____ ____ _____   _____ _    ___ _     _____ ____  
  _       / / |_   _| ____/ ___|_   _| |  ___/ \  |_ _| |   | ____|  _ \ 
 (_)_____| |    | | |  _| \___ \ | |   | |_ / _ \  | || |   |  _| | | | |
  _|_____| |    | | | |___ ___) || |   |  _/ ___ \ | || |___| |___| |_| |
 (_)     | |    |_| |_____|____/ |_|   |_|/_/   \_\___|_____|_____|____/ 
          \_\                                                            

TEST FAILED WITH ERROR: se requiere realizar una portabilidad pospago
---------------------------------------------------------------------?[0m
11:23:30.714 [Test worker] DEBUG net.thucydides.core.steps.ConsoleLoggingListener - RELATED ISSUES: 
11:23:30.876 [Test worker] ERROR net.thucydides.core.steps.ConsoleLoggingListener - ?[91mTEST FAILED AT STEP Then Se deberia ver en pantalla unica la linea en estado activado la linea portada?[0m
11:23:30.876 [Test worker] ERROR net.thucydides.core.steps.ConsoleLoggingListener - Timed out after 45 seconds. Element not available
]]></system-out>
  <system-err><![CDATA[jul 21, 2022 11:17:13 AM org.openqa.selenium.remote.DesiredCapabilities firefox
INFORMACIÓN: Using `new FirefoxOptions()` is preferred to `DesiredCapabilities.firefox()`
jul 21, 2022 11:17:13 AM org.openqa.selenium.remote.DesiredCapabilities firefox
INFORMACIÓN: Using `new FirefoxOptions()` is preferred to `DesiredCapabilities.firefox()`
1658420235110	geckodriver	INFO	Listening on 127.0.0.1:21618
1658420235870	mozrunner::runner	INFO	Running command: "C:\\Program Files\\Mozilla Firefox\\firefox.exe" "--marionette" "-foreground" "-no-remote" "-profile" "C:\\Users\\PROJEC~1\\AppData\\Local\\Temp\\rust_mozprofileHQlJVr"
1658420236967	addons.webextension.doh-rollout@mozilla.org	WARN	Loading extension 'doh-rollout@mozilla.org': Reading manifest: Invalid extension permission: networkStatus
1658420237018	addons.webextension.screenshots@mozilla.org	WARN	Loading extension 'screenshots@mozilla.org': Reading manifest: Invalid extension permission: mozillaAddons
1658420237018	addons.webextension.screenshots@mozilla.org	WARN	Loading extension 'screenshots@mozilla.org': Reading manifest: Invalid extension permission: telemetry
1658420237019	addons.webextension.screenshots@mozilla.org	WARN	Loading extension 'screenshots@mozilla.org': Reading manifest: Invalid extension permission: resource://pdf.js/
1658420237019	addons.webextension.screenshots@mozilla.org	WARN	Loading extension 'screenshots@mozilla.org': Reading manifest: Invalid extension permission: about:reader*
JavaScript error: resource://gre/modules/XULStore.jsm, line 66: Error: Can't find profile directory.
1658420241527	Marionette	INFO	Listening on port 63914
1658420241783	Marionette	WARN	TLS certificate errors will be ignored for this session
jul 21, 2022 11:17:21 AM org.openqa.selenium.remote.ProtocolHandshake createSession
INFORMACIÓN: Detected dialect: W3C
1658420266267	Marionette	INFO	Stopped listening on port 63914

###!!! [Child][RunMessage] Error: Channel closing: too late to send/recv, messages will be lost


###!!! [Child][MessageChannel::SendAndWait] Error: Channel error: cannot send/recv

jul 21, 2022 11:17:49 AM org.openqa.selenium.remote.DesiredCapabilities firefox
INFORMACIÓN: Using `new FirefoxOptions()` is preferred to `DesiredCapabilities.firefox()`
jul 21, 2022 11:17:49 AM org.openqa.selenium.remote.DesiredCapabilities firefox
INFORMACIÓN: Using `new FirefoxOptions()` is preferred to `DesiredCapabilities.firefox()`
1658420270485	geckodriver	INFO	Listening on 127.0.0.1:2228
1658420270829	mozrunner::runner	INFO	Running command: "C:\\Program Files\\Mozilla Firefox\\firefox.exe" "--marionette" "-foreground" "-no-remote" "-profile" "C:\\Users\\PROJEC~1\\AppData\\Local\\Temp\\rust_mozprofileeuhWji"
1658420271819	addons.webextension.doh-rollout@mozilla.org	WARN	Loading extension 'doh-rollout@mozilla.org': Reading manifest: Invalid extension permission: networkStatus
1658420271870	addons.webextension.screenshots@mozilla.org	WARN	Loading extension 'screenshots@mozilla.org': Reading manifest: Invalid extension permission: mozillaAddons
1658420271870	addons.webextension.screenshots@mozilla.org	WARN	Loading extension 'screenshots@mozilla.org': Reading manifest: Invalid extension permission: telemetry
1658420271871	addons.webextension.screenshots@mozilla.org	WARN	Loading extension 'screenshots@mozilla.org': Reading manifest: Invalid extension permission: resource://pdf.js/
1658420271871	addons.webextension.screenshots@mozilla.org	WARN	Loading extension 'screenshots@mozilla.org': Reading manifest: Invalid extension permission: about:reader*
JavaScript error: resource://gre/modules/XULStore.jsm, line 66: Error: Can't find profile directory.
1658420275933	Marionette	INFO	Listening on port 63959
1658420276166	Marionette	WARN	TLS certificate errors will be ignored for this session
jul 21, 2022 11:17:56 AM org.openqa.selenium.remote.ProtocolHandshake createSession
INFORMACIÓN: Detected dialect: W3C
JavaScript error: http://10.69.60.75:8180/tigo-pos-web-ii/a4j_3_2_0.SR1-SNAPSHOTorg/ajax4jsf/javascript/scripts/form.js.jsf, line 11: TypeError: element is null
JavaScript error: http://10.69.60.75:8180/tigo-pos-web-ii/a4j_3_2_0.SR1-SNAPSHOTorg/ajax4jsf/javascript/scripts/form.js.jsf, line 11: TypeError: element is null
1658420310920	Marionette	INFO	Stopped listening on port 63959

###!!! [Child][RunMessage] Error: Channel closing: too late to send/recv, messages will be lost


###!!! [Child][MessageChannel::SendAndWait] Error: Channel error: cannot send/recv

jul 21, 2022 11:18:56 AM org.openqa.selenium.remote.DesiredCapabilities firefox
INFORMACIÓN: Using `new FirefoxOptions()` is preferred to `DesiredCapabilities.firefox()`
jul 21, 2022 11:18:56 AM org.openqa.selenium.remote.DesiredCapabilities firefox
INFORMACIÓN: Using `new FirefoxOptions()` is preferred to `DesiredCapabilities.firefox()`
1658420337558	geckodriver	INFO	Listening on 127.0.0.1:13435
1658420337858	mozrunner::runner	INFO	Running command: "C:\\Program Files\\Mozilla Firefox\\firefox.exe" "--marionette" "-foreground" "-no-remote" "-profile" "C:\\Users\\PROJEC~1\\AppData\\Local\\Temp\\rust_mozprofileNxHga0"
1658420338835	addons.webextension.doh-rollout@mozilla.org	WARN	Loading extension 'doh-rollout@mozilla.org': Reading manifest: Invalid extension permission: networkStatus
1658420338887	addons.webextension.screenshots@mozilla.org	WARN	Loading extension 'screenshots@mozilla.org': Reading manifest: Invalid extension permission: mozillaAddons
1658420338887	addons.webextension.screenshots@mozilla.org	WARN	Loading extension 'screenshots@mozilla.org': Reading manifest: Invalid extension permission: telemetry
1658420338887	addons.webextension.screenshots@mozilla.org	WARN	Loading extension 'screenshots@mozilla.org': Reading manifest: Invalid extension permission: resource://pdf.js/
1658420338887	addons.webextension.screenshots@mozilla.org	WARN	Loading extension 'screenshots@mozilla.org': Reading manifest: Invalid extension permission: about:reader*
JavaScript error: resource://gre/modules/XULStore.jsm, line 66: Error: Can't find profile directory.
1658420343055	Marionette	INFO	Listening on port 64030
1658420343217	Marionette	WARN	TLS certificate errors will be ignored for this session
jul 21, 2022 11:19:03 AM org.openqa.selenium.remote.ProtocolHandshake createSession
INFORMACIÓN: Detected dialect: W3C
JavaScript warning: http://10.69.60.84:8280/portal/CRMPortal/Consultas?portal:windowState=normal&portal:componentId=gtnc323725e-6efe-4037-9f93-1bc06edfa941&portal:resourceID=/org.rf.res/org/richfaces/ui.pack.js&portal:cacheLevel=PAGE&portal:type=resource&portal:portletMode=view, line 10431: unreachable code after return statement
JavaScript warning: http://10.69.60.84:8280/portal/CRMPortal/Consultas?portal:windowState=normal&portal:componentId=gtnc323725e-6efe-4037-9f93-1bc06edfa941&portal:resourceID=/org.rf.res/org/richfaces/ui.pack.js&portal:cacheLevel=PAGE&portal:type=resource&portal:portletMode=view, line 10431: unreachable code after return statement
JavaScript error: http://10.69.60.84:8280/portal/CRMPortal/Consultas, line 1: ReferenceError: setIframeListeners is not defined
JavaScript warning: http://10.69.60.84:8280/portal/CRMPortal/Consultas?portal:windowState=normal&portal:componentId=gtnc323725e-6efe-4037-9f93-1bc06edfa941&portal:resourceID=/org.rf.res/org/richfaces/ui.pack.js&portal:cacheLevel=PAGE&portal:type=resource&portal:portletMode=view, line 10431: unreachable code after return statement
JavaScript warning: http://10.69.60.84:8280/portal/CRMPortal/Consultas?portal:windowState=normal&portal:componentId=gtnc323725e-6efe-4037-9f93-1bc06edfa941&portal:resourceID=/org.rf.res/org/richfaces/ui.pack.js&portal:cacheLevel=PAGE&portal:type=resource&portal:portletMode=view, line 10431: unreachable code after return statement
JavaScript error: http://10.69.60.84:8280/portal/CRMPortal/Consultas, line 1: ReferenceError: setIframeListeners is not defined
JavaScript error: http://10.69.60.84:8280/portal/CRMPortal/Consultas, line 1: ReferenceError: setIframeListeners is not defined
JavaScript warning: http://10.69.60.84:8280/portal/CRMPortal/Preventa?portal:windowState=normal&portal:componentId=gtnac4fa497-8304-4e12-8e75-0ee02636d5e8&portal:resourceID=/org.rf.res/org/richfaces/ui.pack.js&portal:cacheLevel=PAGE&portal:type=resource&portal:portletMode=view, line 10431: unreachable code after return statement
JavaScript warning: http://10.69.60.84:8280/portal/CRMPortal/Preventa?portal:windowState=normal&portal:componentId=gtnac4fa497-8304-4e12-8e75-0ee02636d5e8&portal:resourceID=/org.rf.res/org/richfaces/ui.pack.js&portal:cacheLevel=PAGE&portal:type=resource&portal:portletMode=view, line 10431: unreachable code after return statement
JavaScript error: http://10.69.60.84:8280/portal/CRMPortal/Preventa, line 1: ReferenceError: setIframeListeners is not defined
JavaScript error: http://10.69.60.74:8080/PinRequestWEB/xmlhttp/1658239596361/icefaces-d2d.js, line 16: TypeError: F is undefined
JavaScript error: http://10.69.60.84:8280/portal/CRMPortal/Preventa, line 1: ReferenceError: setIframeListeners is not defined
JavaScript warning: http://10.69.60.84:8280/portal/CRMPortal/Venta?portal:windowState=normal&portal:componentId=gtn1dfca009-52ed-45cd-a543-6660573bef81&portal:resourceID=/org.rf.res/org/richfaces/ui.pack.js&portal:cacheLevel=PAGE&portal:type=resource&portal:portletMode=view, line 10431: unreachable code after return statement
JavaScript warning: http://10.69.60.84:8280/portal/CRMPortal/Venta?portal:windowState=normal&portal:componentId=gtn1dfca009-52ed-45cd-a543-6660573bef81&portal:resourceID=/org.rf.res/org/richfaces/ui.pack.js&portal:cacheLevel=PAGE&portal:type=resource&portal:portletMode=view, line 10431: unreachable code after return statement
JavaScript error: http://10.69.60.84:8280/portal/CRMPortal/Venta, line 1: ReferenceError: setIframeListeners is not defined
JavaScript error: http://10.69.60.84:8280/portal/CRMPortal/Venta, line 1: ReferenceError: setIframeListeners is not defined
JavaScript error: http://10.69.60.84:8280/portal/CRMPortal/Venta, line 1: ReferenceError: setIframeListeners is not defined
JavaScript error: http://10.69.60.82:8280/ActivacionesCrm/javax.faces.resource/richfaces.js.xhtml line 511 > Function, line 4: TypeError: RichFaces.csv.validate is not a function
JavaScript error: http://10.69.60.84:8280/portal/CRMPortal/Venta, line 1: ReferenceError: setIframeListeners is not defined
JavaScript warning: http://10.69.60.84:8280/portal/CRMPortal/Consultas?portal:windowState=normal&portal:componentId=gtnc323725e-6efe-4037-9f93-1bc06edfa941&portal:resourceID=/org.rf.res/org/richfaces/ui.pack.js&portal:cacheLevel=PAGE&portal:type=resource&portal:portletMode=view, line 10431: unreachable code after return statement
JavaScript warning: http://10.69.60.84:8280/portal/CRMPortal/Consultas?portal:windowState=normal&portal:componentId=gtnc323725e-6efe-4037-9f93-1bc06edfa941&portal:resourceID=/org.rf.res/org/richfaces/ui.pack.js&portal:cacheLevel=PAGE&portal:type=resource&portal:portletMode=view, line 10431: unreachable code after return statement
JavaScript error: http://10.69.60.84:8280/portal/CRMPortal/Consultas, line 1: ReferenceError: setIframeListeners is not defined
JavaScript error: http://10.69.60.84:8280/portal/CRMPortal/Consultas, line 1: ReferenceError: setIframeListeners is not defined
JavaScript warning: http://10.69.60.84:8280/portal/CRMPortal/Consultas?portal:windowState=normal&portal:componentId=gtnc323725e-6efe-4037-9f93-1bc06edfa941&portal:resourceID=/org.rf.res/org/richfaces/ui.pack.js&portal:cacheLevel=PAGE&portal:type=resource&portal:portletMode=view, line 10431: unreachable code after return statement
JavaScript warning: http://10.69.60.84:8280/portal/CRMPortal/Consultas?portal:windowState=normal&portal:componentId=gtnc323725e-6efe-4037-9f93-1bc06edfa941&portal:resourceID=/org.rf.res/org/richfaces/ui.pack.js&portal:cacheLevel=PAGE&portal:type=resource&portal:portletMode=view, line 10431: unreachable code after return statement
JavaScript error: http://10.69.60.84:8280/portal/CRMPortal/Consultas, line 1: ReferenceError: setIframeListeners is not defined
1658420607727	Marionette	INFO	Stopped listening on port 64030

###!!! [Child][RunMessage] Error: Channel closing: too late to send/recv, messages will be lost


###!!! [Child][MessageChannel::SendAndWait] Error: Channel error: cannot send/recv

]]></system-err>
</testsuite>
