<?xml version="1.0" encoding="UTF-8"?>
<testsuite name="com.indra.runners.SanityRunners" tests="0" skipped="0" failures="0" errors="0" timestamp="1970-01-01T00:00:00" hostname="22LAP5CD1195RQX" time="0.0">
  <properties/>
  <system-out><![CDATA[08:14:00.127 [Test worker] DEBUG net.thucydides.core.util.PropertiesFileLocalPreferences - LOADING LOCAL PROPERTIES FROM C:\-SanitySemilla6\serenity.properties 
08:14:00.443 [Test worker] DEBUG net.thucydides.core.util.PropertiesFileLocalPreferences - LOADING LOCAL PROPERTIES FROM C:\-SanitySemilla6\serenity.properties 
08:14:00.443 [Test worker] DEBUG net.thucydides.core.util.PropertiesFileLocalPreferences - LOADING LOCAL PROPERTIES FROM C:\-SanitySemilla6\serenity.properties 
08:14:00.472 [Test worker] DEBUG net.thucydides.core.util.PropertiesFileLocalPreferences - webdriver.driver=firefox
08:14:00.472 [Test worker] DEBUG net.thucydides.core.util.PropertiesFileLocalPreferences - serenity.console.colors=true
08:14:00.472 [Test worker] DEBUG net.thucydides.core.util.PropertiesFileLocalPreferences - webdriver.gecko.driver=src/test/resources/drivers/geckodriver.exe
08:14:00.485 [Test worker] DEBUG net.thucydides.core.util.PropertiesFileLocalPreferences - webdriver.base.url=http://10.69.60.77:8180/tigo-pos-web/index.jsp
08:14:00.486 [Test worker] DEBUG net.thucydides.core.util.PropertiesFileLocalPreferences - serenity.project.name=Automatización Sanity Ambiente - Activacion Prepago
08:14:00.487 [Test worker] DEBUG net.thucydides.core.util.PropertiesFileLocalPreferences - webdriver.wait.for.timeout=25000
08:14:00.487 [Test worker] DEBUG net.thucydides.core.util.PropertiesFileLocalPreferences - serenity.use.unique.browser=true
08:14:00.487 [Test worker] DEBUG net.thucydides.core.util.PropertiesFileLocalPreferences - webdriver.timeouts.implicitlywait=45000
08:14:00.488 [Test worker] DEBUG net.thucydides.core.util.PropertiesFileLocalPreferences - serenity.take.screenshots=FOR_EACH_ACTION
08:14:00.488 [Test worker] DEBUG net.thucydides.core.util.PropertiesFileLocalPreferences - serenity.browser.maximized=true
08:14:00.489 [Test worker] DEBUG net.thucydides.core.util.PropertiesFileLocalPreferences - firefox.capability.marionette=true
08:14:01.177 [Test worker] DEBUG net.thucydides.core.util.PropertiesFileLocalPreferences - LOADING LOCAL PROPERTIES FROM C:\-SanitySemilla6\serenity.properties 
08:14:01.345 [Test worker] DEBUG net.thucydides.core.util.PropertiesFileLocalPreferences - LOADING LOCAL PROPERTIES FROM C:\-SanitySemilla6\serenity.properties 
08:14:01.353 [Test worker] DEBUG net.thucydides.core.util.PropertiesFileLocalPreferences - LOADING LOCAL PROPERTIES FROM C:\-SanitySemilla6\serenity.properties 
08:14:01.355 [Test worker] DEBUG net.thucydides.core.util.PropertiesFileLocalPreferences - webdriver.driver=firefox
08:14:01.355 [Test worker] DEBUG net.thucydides.core.util.PropertiesFileLocalPreferences - serenity.console.colors=true
08:14:01.355 [Test worker] DEBUG net.thucydides.core.util.PropertiesFileLocalPreferences - webdriver.gecko.driver=src/test/resources/drivers/geckodriver.exe
08:14:01.358 [Test worker] DEBUG net.thucydides.core.util.PropertiesFileLocalPreferences - webdriver.base.url=http://10.69.60.77:8180/tigo-pos-web/index.jsp
08:14:01.358 [Test worker] DEBUG net.thucydides.core.util.PropertiesFileLocalPreferences - serenity.project.name=Automatización Sanity Ambiente - Activacion Prepago
08:14:01.358 [Test worker] DEBUG net.thucydides.core.util.PropertiesFileLocalPreferences - webdriver.wait.for.timeout=25000
08:14:01.358 [Test worker] DEBUG net.thucydides.core.util.PropertiesFileLocalPreferences - serenity.use.unique.browser=true
08:14:01.358 [Test worker] DEBUG net.thucydides.core.util.PropertiesFileLocalPreferences - webdriver.timeouts.implicitlywait=45000
08:14:01.358 [Test worker] DEBUG net.thucydides.core.util.PropertiesFileLocalPreferences - serenity.take.screenshots=FOR_EACH_ACTION
08:14:01.358 [Test worker] DEBUG net.thucydides.core.util.PropertiesFileLocalPreferences - serenity.browser.maximized=true
08:14:01.358 [Test worker] DEBUG net.thucydides.core.util.PropertiesFileLocalPreferences - firefox.capability.marionette=true
08:14:01.376 [Test worker] INFO net.thucydides.core.steps.ConsoleLoggingListener - ?[96m

-------------------------------------------------------------------------------------
     _______. _______ .______       _______ .__   __.  __  .___________.____    ____ 
    /       ||   ____||   _  \     |   ____||  \ |  | |  | |           |\   \  /   / 
   |   (----`|  |__   |  |_)  |    |  |__   |   \|  | |  | `---|  |----` \   \/   /  
    \   \    |   __|  |      /     |   __|  |  . `  | |  |     |  |       \_    _/   
.----)   |   |  |____ |  |\  \----.|  |____ |  |\   | |  |     |  |         |  |     
|_______/    |_______|| _| `._____||_______||__| \__| |__|     |__|         |__|    
                                                                                     
 News and tutorials at http://www.serenity-bdd.info                                  
 Documentation at https://wakaleo.gitbooks.io/the-serenity-book/content/             
 Join the Serenity Community on Rocket Chat at https://serenity-bdd.rocket.chat      
 Serenity BDD Support and Training at http://serenity-bdd.info/#/trainingandsupport  
 Learn Serenity BDD online at http://serenity-dojo.com                               
-------------------------------------------------------------------------------------
?[0m
08:14:01.393 [Test worker] DEBUG net.thucydides.core.steps.StepEventBus - Test suite started for story net.thucydides.core.model.Story@6fe68030
08:14:01.396 [Test worker] INFO net.thucydides.core.steps.ConsoleLoggingListener - Test Suite Started: Sanity limpieza y aprovisionamiento de recursos
08:14:01.508 [Test worker] INFO net.thucydides.core.steps.ConsoleLoggingListener - 
 _____ _____ ____ _____   ____ _____  _    ____ _____ _____ ____  
|_   _| ____/ ___|_   _| / ___|_   _|/ \  |  _ \_   _| ____|  _ \ 
  | | |  _| \___ \ | |   \___ \ | | / _ \ | |_) || | |  _| | | | |
  | | | |___ ___) || |    ___) || |/ ___ \|  _ < | | | |___| |_| |
  |_| |_____|____/ |_|   |____/ |_/_/   \_\_| \_\|_| |_____|____/ 
                                                                  

TEST STARTED: se quiere ingresar a la plataforma epos
-------------------------------------------------------------------(sanity-limpieza-y-aprovisionamiento-de-recursos;se-quiere-ingresar-a-la-plataforma-epos)
08:14:01.644 [Test worker] DEBUG net.thucydides.core.requirements.model.cucumber.CucumberParser - Found no Cucumber 4.2.6 class cucumber.runtime.model.FeatureLoader try Cucumber 4.2.0 
08:14:01.644 [Test worker] DEBUG net.thucydides.core.requirements.model.cucumber.CucumberParser - Found no Cucumber 4.2.0 class cucumber.runtime.model.FeatureLoader try Cucumber 2.x.x 
08:16:31.902 [Test worker] INFO net.thucydides.core.steps.ConsoleLoggingListener - 
 _____ _____ ____ _____   ____ _____  _    ____ _____ _____ ____  
|_   _| ____/ ___|_   _| / ___|_   _|/ \  |  _ \_   _| ____|  _ \ 
  | | |  _| \___ \ | |   \___ \ | | / _ \ | |_) || | |  _| | | | |
  | | | |___ ___) || |    ___) || |/ ___ \|  _ < | | | |___| |_| |
  |_| |_____|____/ |_|   |____/ |_/_/   \_\_| \_\|_| |_____|____/ 
                                                                  

TEST STARTED: realizar el cargue de inventario
-------------------------------------------------------------------(sanity-limpieza-y-aprovisionamiento-de-recursos;realizar-el-cargue-de-inventario)
08:17:45.659 [Test worker] INFO net.thucydides.core.steps.ConsoleLoggingListener - 
 _____ _____ ____ _____   ____ _____  _    ____ _____ _____ ____  
|_   _| ____/ ___|_   _| / ___|_   _|/ \  |  _ \_   _| ____|  _ \ 
  | | |  _| \___ \ | |   \___ \ | | / _ \ | |_) || | |  _| | | | |
  | | | |___ ___) || |    ___) || |/ ___ \|  _ < | | | |___| |_| |
  |_| |_____|____/ |_|   |____/ |_/_/   \_\_| \_\|_| |_____|____/ 
                                                                  

TEST STARTED: realizar la confirmacion de inventario
-------------------------------------------------------------------(sanity-limpieza-y-aprovisionamiento-de-recursos;realizar-la-confirmacion-de-inventario)
08:18:07.185 [Test worker] DEBUG net.thucydides.core.reports.ReportService - Reporting formats: [JSON, HTML]
08:18:07.386 [Test worker] DEBUG net.thucydides.core.reports.ReportService - Reporting formats: [JSON, HTML]
08:18:07.401 [Test worker] DEBUG net.thucydides.core.reports.ReportService - Generating reports for 3 test outcomes using: net.thucydides.core.reports.json.JSONTestOutcomeReporter@7adc9b95
08:18:07.401 [pool-1-thread-1] DEBUG net.thucydides.core.reports.ReportService - Processing test outcome Sanity limpieza y aprovisionamiento de recursos:se quiere ingresar a la plataforma epos
08:18:07.401 [pool-1-thread-1] DEBUG net.thucydides.core.reports.ReportService - net.thucydides.core.reports.json.JSONTestOutcomeReporter@7adc9b95: Generating report for test outcome: Sanity limpieza y aprovisionamiento de recursos:se quiere ingresar a la plataforma epos
08:18:07.401 [pool-1-thread-2] DEBUG net.thucydides.core.reports.ReportService - Processing test outcome Sanity limpieza y aprovisionamiento de recursos:realizar el cargue de inventario
08:18:07.401 [pool-1-thread-2] DEBUG net.thucydides.core.reports.ReportService - net.thucydides.core.reports.json.JSONTestOutcomeReporter@7adc9b95: Generating report for test outcome: Sanity limpieza y aprovisionamiento de recursos:realizar el cargue de inventario
08:18:07.401 [pool-1-thread-3] DEBUG net.thucydides.core.reports.ReportService - Processing test outcome Sanity limpieza y aprovisionamiento de recursos:realizar la confirmacion de inventario
08:18:07.401 [pool-1-thread-3] DEBUG net.thucydides.core.reports.ReportService - net.thucydides.core.reports.json.JSONTestOutcomeReporter@7adc9b95: Generating report for test outcome: Sanity limpieza y aprovisionamiento de recursos:realizar la confirmacion de inventario
08:18:07.435 [pool-1-thread-1] DEBUG net.thucydides.core.reports.json.JSONTestOutcomeReporter - Generating JSON report for se quiere ingresar a la plataforma epos to file C:\-SanitySemilla6\target\site\serenity\dd8d8ded9644b52fbc86dae313c60166d8b4c2b2da549354520470c10795b41b.json (using temp file C:\-SanitySemilla6\target\site\serenity\dd8d8ded9644b52fbc86dae313c60166d8b4c2b2da549354520470c10795b41b.json72e29882-4aae-4e4c-afce-d9f761f07492)
08:18:07.435 [pool-1-thread-3] DEBUG net.thucydides.core.reports.json.JSONTestOutcomeReporter - Generating JSON report for realizar la confirmacion de inventario to file C:\-SanitySemilla6\target\site\serenity\8a91845db0a22eb470d492c234c97b8c9dde222ac0d23603d3947e29bb7d10a1.json (using temp file C:\-SanitySemilla6\target\site\serenity\8a91845db0a22eb470d492c234c97b8c9dde222ac0d23603d3947e29bb7d10a1.jsondc5858c7-5307-45a6-9ce9-523ab87101f9)
08:18:07.436 [pool-1-thread-2] DEBUG net.thucydides.core.reports.json.JSONTestOutcomeReporter - Generating JSON report for realizar el cargue de inventario to file C:\-SanitySemilla6\target\site\serenity\c2816aaf72665fe39c1c583ab7f5162d39901ba6984fcbfd421cfd8e526280ac.json (using temp file C:\-SanitySemilla6\target\site\serenity\c2816aaf72665fe39c1c583ab7f5162d39901ba6984fcbfd421cfd8e526280ac.jsona4eaf4e4-f52c-4ebb-9730-7e94f0339452)
08:18:07.682 [pool-1-thread-3] DEBUG net.thucydides.core.reports.ReportService - Processing test outcome Sanity limpieza y aprovisionamiento de recursos:realizar la confirmacion de inventario done
08:18:07.683 [pool-1-thread-2] DEBUG net.thucydides.core.reports.ReportService - Processing test outcome Sanity limpieza y aprovisionamiento de recursos:realizar el cargue de inventario done
08:18:07.683 [pool-1-thread-1] DEBUG net.thucydides.core.reports.ReportService - Processing test outcome Sanity limpieza y aprovisionamiento de recursos:se quiere ingresar a la plataforma epos done
08:18:07.684 [Test worker] DEBUG net.thucydides.core.reports.ReportService - Shutting down executor service
08:18:07.684 [Test worker] DEBUG net.thucydides.core.reports.ReportService - Reports generated in: 283 ms
08:18:07.684 [Test worker] DEBUG net.thucydides.core.reports.ReportService - Generating reports for 3 test outcomes using: net.thucydides.core.reports.html.HtmlAcceptanceTestReporter@28b722d9
08:18:07.688 [pool-2-thread-2] DEBUG net.thucydides.core.reports.ReportService - Processing test outcome Sanity limpieza y aprovisionamiento de recursos:realizar el cargue de inventario
08:18:07.688 [pool-2-thread-2] DEBUG net.thucydides.core.reports.ReportService - net.thucydides.core.reports.html.HtmlAcceptanceTestReporter@28b722d9: Generating report for test outcome: Sanity limpieza y aprovisionamiento de recursos:realizar el cargue de inventario
08:18:07.688 [pool-2-thread-3] DEBUG net.thucydides.core.reports.ReportService - Processing test outcome Sanity limpieza y aprovisionamiento de recursos:realizar la confirmacion de inventario
08:18:07.689 [pool-2-thread-3] DEBUG net.thucydides.core.reports.ReportService - net.thucydides.core.reports.html.HtmlAcceptanceTestReporter@28b722d9: Generating report for test outcome: Sanity limpieza y aprovisionamiento de recursos:realizar la confirmacion de inventario
08:18:07.689 [pool-2-thread-2] DEBUG net.thucydides.core.reports.html.HtmlAcceptanceTestReporter - GENERATE TEST OUTCOME REPORT FOR realizar el cargue de inventario in c2816aaf72665fe39c1c583ab7f5162d39901ba6984fcbfd421cfd8e526280ac
08:18:07.689 [pool-2-thread-3] DEBUG net.thucydides.core.reports.html.HtmlAcceptanceTestReporter - GENERATE TEST OUTCOME REPORT FOR realizar la confirmacion de inventario in 8a91845db0a22eb470d492c234c97b8c9dde222ac0d23603d3947e29bb7d10a1
08:18:07.689 [pool-2-thread-1] DEBUG net.thucydides.core.reports.ReportService - Processing test outcome Sanity limpieza y aprovisionamiento de recursos:se quiere ingresar a la plataforma epos
08:18:07.691 [pool-2-thread-1] DEBUG net.thucydides.core.reports.ReportService - net.thucydides.core.reports.html.HtmlAcceptanceTestReporter@28b722d9: Generating report for test outcome: Sanity limpieza y aprovisionamiento de recursos:se quiere ingresar a la plataforma epos
08:18:07.695 [pool-2-thread-1] DEBUG net.thucydides.core.reports.html.HtmlAcceptanceTestReporter - GENERATE TEST OUTCOME REPORT FOR se quiere ingresar a la plataforma epos in dd8d8ded9644b52fbc86dae313c60166d8b4c2b2da549354520470c10795b41b
08:18:07.793 [pool-2-thread-3] DEBUG net.thucydides.core.requirements.model.cucumber.CucumberParser - Found no Cucumber 4.2.6 class cucumber.runtime.model.FeatureLoader try Cucumber 4.2.0 
08:18:07.793 [pool-2-thread-3] DEBUG net.thucydides.core.requirements.model.cucumber.CucumberParser - Found no Cucumber 4.2.0 class cucumber.runtime.model.FeatureLoader try Cucumber 2.x.x 
08:18:07.795 [pool-2-thread-1] DEBUG net.thucydides.core.requirements.model.cucumber.CucumberParser - Found no Cucumber 4.2.6 class cucumber.runtime.model.FeatureLoader try Cucumber 4.2.0 
08:18:07.796 [pool-2-thread-1] DEBUG net.thucydides.core.requirements.model.cucumber.CucumberParser - Found no Cucumber 4.2.0 class cucumber.runtime.model.FeatureLoader try Cucumber 2.x.x 
08:18:07.797 [pool-2-thread-2] DEBUG net.thucydides.core.requirements.model.cucumber.CucumberParser - Found no Cucumber 4.2.6 class cucumber.runtime.model.FeatureLoader try Cucumber 4.2.0 
08:18:07.797 [pool-2-thread-2] DEBUG net.thucydides.core.requirements.model.cucumber.CucumberParser - Found no Cucumber 4.2.0 class cucumber.runtime.model.FeatureLoader try Cucumber 2.x.x 
08:18:07.834 [pool-2-thread-2] DEBUG net.thucydides.core.requirements.RequirementsTagProvider -  found:[Requirement{name='Sanity limpieza y aprovisionamiento de recursos', type='feature' parent = 'null', cardNumber='null'}]
08:18:07.840 [pool-2-thread-3] DEBUG net.thucydides.core.requirements.RequirementsTagProvider -  found:[Requirement{name='Sanity limpieza y aprovisionamiento de recursos', type='feature' parent = 'null', cardNumber='null'}]
08:18:07.845 [pool-2-thread-1] DEBUG net.thucydides.core.requirements.RequirementsTagProvider -  found:[Requirement{name='Sanity limpieza y aprovisionamiento de recursos', type='feature' parent = 'null', cardNumber='null'}]
08:18:07.860 [pool-2-thread-3] DEBUG net.thucydides.core.requirements.BaseRequirementsService - Requirement found for test outcome realizar la confirmacion de inventario-[]: Optional[Requirement{name='Sanity limpieza y aprovisionamiento de recursos', type='feature' parent = 'null', cardNumber='null'}]
08:18:07.860 [pool-2-thread-2] DEBUG net.thucydides.core.requirements.BaseRequirementsService - Requirement found for test outcome realizar el cargue de inventario-[]: Optional[Requirement{name='Sanity limpieza y aprovisionamiento de recursos', type='feature' parent = 'null', cardNumber='null'}]
08:18:07.867 [pool-2-thread-2] DEBUG net.thucydides.core.requirements.BaseRequirementsService - Requirement found for test outcome realizar el cargue de inventario-[]: Optional[Requirement{name='Sanity limpieza y aprovisionamiento de recursos', type='feature' parent = 'null', cardNumber='null'}]
08:18:07.872 [pool-2-thread-3] DEBUG net.thucydides.core.requirements.BaseRequirementsService - Requirement found for test outcome realizar la confirmacion de inventario-[]: Optional[Requirement{name='Sanity limpieza y aprovisionamiento de recursos', type='feature' parent = 'null', cardNumber='null'}]
08:18:07.879 [pool-2-thread-1] DEBUG net.thucydides.core.requirements.BaseRequirementsService - Requirement found for test outcome se quiere ingresar a la plataforma epos-[]: Optional[Requirement{name='Sanity limpieza y aprovisionamiento de recursos', type='feature' parent = 'null', cardNumber='null'}]
08:18:07.885 [pool-2-thread-1] DEBUG net.thucydides.core.requirements.BaseRequirementsService - Requirement found for test outcome se quiere ingresar a la plataforma epos-[]: Optional[Requirement{name='Sanity limpieza y aprovisionamiento de recursos', type='feature' parent = 'null', cardNumber='null'}]
08:18:08.098 [pool-2-thread-2] DEBUG net.thucydides.core.requirements.BaseRequirementsService - Requirement found for test outcome realizar el cargue de inventario-[]: Optional[Requirement{name='Sanity limpieza y aprovisionamiento de recursos', type='feature' parent = 'null', cardNumber='null'}]
08:18:08.100 [pool-2-thread-2] DEBUG net.thucydides.core.requirements.BaseRequirementsService - Requirement found for test outcome realizar el cargue de inventario-[]: Optional[Requirement{name='Sanity limpieza y aprovisionamiento de recursos', type='feature' parent = 'null', cardNumber='null'}]
08:18:08.114 [pool-2-thread-1] DEBUG net.thucydides.core.requirements.BaseRequirementsService - Requirement found for test outcome se quiere ingresar a la plataforma epos-[]: Optional[Requirement{name='Sanity limpieza y aprovisionamiento de recursos', type='feature' parent = 'null', cardNumber='null'}]
08:18:08.116 [pool-2-thread-1] DEBUG net.thucydides.core.requirements.BaseRequirementsService - Requirement found for test outcome se quiere ingresar a la plataforma epos-[]: Optional[Requirement{name='Sanity limpieza y aprovisionamiento de recursos', type='feature' parent = 'null', cardNumber='null'}]
08:18:08.332 [pool-2-thread-1] DEBUG net.thucydides.core.reports.html.HtmlAcceptanceTestReporter - Generating report in dd8d8ded9644b52fbc86dae313c60166d8b4c2b2da549354520470c10795b41b_screenshots.html
08:18:08.332 [pool-2-thread-2] DEBUG net.thucydides.core.reports.html.HtmlAcceptanceTestReporter - Generating report in c2816aaf72665fe39c1c583ab7f5162d39901ba6984fcbfd421cfd8e526280ac_screenshots.html
08:18:08.332 [pool-2-thread-3] DEBUG net.thucydides.core.reports.html.HtmlAcceptanceTestReporter - GENERATING HTML REPORT FOR Sanity limpieza y aprovisionamiento de recursos:realizar la confirmacion de inventario in 8a91845db0a22eb470d492c234c97b8c9dde222ac0d23603d3947e29bb7d10a1.html in directory C:\-SanitySemilla6\target\site\serenity  
08:18:08.340 [pool-2-thread-3] DEBUG net.thucydides.core.reports.html.HtmlAcceptanceTestReporter - Generating report in 8a91845db0a22eb470d492c234c97b8c9dde222ac0d23603d3947e29bb7d10a1.html
08:18:09.295 [pool-2-thread-2] DEBUG net.thucydides.core.reports.html.HtmlAcceptanceTestReporter - Generated report c2816aaf72665fe39c1c583ab7f5162d39901ba6984fcbfd421cfd8e526280ac_screenshots.html in 963 ms
08:18:09.295 [pool-2-thread-1] DEBUG net.thucydides.core.reports.html.HtmlAcceptanceTestReporter - Generated report dd8d8ded9644b52fbc86dae313c60166d8b4c2b2da549354520470c10795b41b_screenshots.html in 963 ms
08:18:09.298 [pool-2-thread-2] DEBUG net.thucydides.core.reports.html.HtmlAcceptanceTestReporter - GENERATING HTML REPORT FOR Sanity limpieza y aprovisionamiento de recursos:realizar el cargue de inventario in c2816aaf72665fe39c1c583ab7f5162d39901ba6984fcbfd421cfd8e526280ac.html in directory C:\-SanitySemilla6\target\site\serenity  
08:18:09.298 [pool-2-thread-1] DEBUG net.thucydides.core.reports.html.HtmlAcceptanceTestReporter - GENERATING HTML REPORT FOR Sanity limpieza y aprovisionamiento de recursos:se quiere ingresar a la plataforma epos in dd8d8ded9644b52fbc86dae313c60166d8b4c2b2da549354520470c10795b41b.html in directory C:\-SanitySemilla6\target\site\serenity  
08:18:09.300 [pool-2-thread-2] DEBUG net.thucydides.core.reports.html.HtmlAcceptanceTestReporter - Generating report in c2816aaf72665fe39c1c583ab7f5162d39901ba6984fcbfd421cfd8e526280ac.html
08:18:09.300 [pool-2-thread-1] DEBUG net.thucydides.core.reports.html.HtmlAcceptanceTestReporter - Generating report in dd8d8ded9644b52fbc86dae313c60166d8b4c2b2da549354520470c10795b41b.html
08:18:09.300 [pool-2-thread-3] DEBUG net.thucydides.core.reports.html.HtmlAcceptanceTestReporter - Generated report 8a91845db0a22eb470d492c234c97b8c9dde222ac0d23603d3947e29bb7d10a1.html in 960 ms
08:18:09.300 [pool-2-thread-3] DEBUG net.thucydides.core.reports.ReportService - Processing test outcome Sanity limpieza y aprovisionamiento de recursos:realizar la confirmacion de inventario done
08:18:09.600 [pool-2-thread-2] DEBUG net.thucydides.core.reports.html.HtmlAcceptanceTestReporter - Generated report c2816aaf72665fe39c1c583ab7f5162d39901ba6984fcbfd421cfd8e526280ac.html in 300 ms
08:18:09.600 [pool-2-thread-2] DEBUG net.thucydides.core.reports.ReportService - Processing test outcome Sanity limpieza y aprovisionamiento de recursos:realizar el cargue de inventario done
08:18:09.600 [pool-2-thread-1] DEBUG net.thucydides.core.reports.html.HtmlAcceptanceTestReporter - Generated report dd8d8ded9644b52fbc86dae313c60166d8b4c2b2da549354520470c10795b41b.html in 300 ms
08:18:09.600 [pool-2-thread-1] DEBUG net.thucydides.core.reports.ReportService - Processing test outcome Sanity limpieza y aprovisionamiento de recursos:se quiere ingresar a la plataforma epos done
08:18:09.600 [Test worker] DEBUG net.thucydides.core.reports.ReportService - Shutting down executor service
08:18:09.600 [Test worker] DEBUG net.thucydides.core.reports.ReportService - Reports generated in: 1916 ms
08:18:09.817 [Test worker] DEBUG net.serenitybdd.core.photography.Darkroom - Closing darkroom
08:18:09.817 [Darkroom Processing Line] DEBUG net.serenitybdd.core.photography.DarkroomProcessingLine - Darkroom processing line shutting down

3 Scenarios (?[32m3 passed?[0m)
9 Steps (?[32m9 passed?[0m)
4m6,227s

]]></system-out>
  <system-err><![CDATA[]]></system-err>
</testsuite>
